<?xml version="1.0" encoding="UTF-8"?>
<testsuite name="com.project.ds_helper.domain.notification.service.NotificationFacadeTest" tests="2" skipped="0" failures="0" errors="0" timestamp="2026-05-22T03:02:55" hostname="아기" time="0.434">
  <properties/>
  <testcase name="수신자가 본인이면 알림과 발송 이력을 만들지 않는다" classname="com.project.ds_helper.domain.notification.service.NotificationFacadeTest" time="0.402"/>
  <testcase name="댓글 알림 생성 시 인앱 알림 저장 후 활성 토큰으로 발송 이력을 저장한다" classname="com.project.ds_helper.domain.notification.service.NotificationFacadeTest" time="0.031"/>
  <system-out><![CDATA[]]></system-out>
  <system-err><![CDATA[]]></system-err>
</testsuite>
