<?xml version="1.0" encoding="UTF-8"?>
<testsuite name="com.project.ds_helper.domain.board.controller.BoardControllerTest" tests="12" skipped="0" failures="0" errors="0" timestamp="2026-05-22T03:02:52" hostname="아기" time="0.329">
  <properties/>
  <testcase name="getBoardById includes writer info" classname="com.project.ds_helper.domain.board.controller.BoardControllerTest" time="0.228"/>
  <testcase name="deleteBoard returns no content" classname="com.project.ds_helper.domain.board.controller.BoardControllerTest" time="0.011"/>
  <testcase name="getBoardsByCategory includes writer info and like state" classname="com.project.ds_helper.domain.board.controller.BoardControllerTest" time="0.006"/>
  <testcase name="updateBoard handles null keep image URLs" classname="com.project.ds_helper.domain.board.controller.BoardControllerTest" time="0.008"/>
  <testcase name="getBoardsByCategory supports keyword" classname="com.project.ds_helper.domain.board.controller.BoardControllerTest" time="0.007"/>
  <testcase name="createBoard delegates with empty images" classname="com.project.ds_helper.domain.board.controller.BoardControllerTest" time="0.009"/>
  <testcase name="updateBoard delegates with provided images" classname="com.project.ds_helper.domain.board.controller.BoardControllerTest" time="0.003"/>
  <testcase name="updateBoard delegates with empty images" classname="com.project.ds_helper.domain.board.controller.BoardControllerTest" time="0.008"/>
  <testcase name="createBoard delegates with provided images" classname="com.project.ds_helper.domain.board.controller.BoardControllerTest" time="0.003"/>
  <testcase name="updateBoard delegates with empty image list" classname="com.project.ds_helper.domain.board.controller.BoardControllerTest" time="0.011"/>
  <testcase name="getMyBoards returns cursor response" classname="com.project.ds_helper.domain.board.controller.BoardControllerTest" time="0.006"/>
  <testcase name="createBoard delegates with empty image list" classname="com.project.ds_helper.domain.board.controller.BoardControllerTest" time="0.008"/>
  <system-out><![CDATA[]]></system-out>
  <system-err><![CDATA[]]></system-err>
</testsuite>
