<?xml version="1.0" encoding="UTF-8"?>
<testsuite name="com.project.ds_helper.domain.user.controller.NaverAuthControllerTest" tests="2" skipped="0" failures="0" errors="0" timestamp="2026-05-10T11:39:15" hostname="아기" time="0.322">
  <properties/>
  <testcase name="네이버 로그인은 authorization code와 state 기반으로 JWT 응답을 반환한다" classname="com.project.ds_helper.domain.user.controller.NaverAuthControllerTest" time="0.321"/>
  <testcase name="네이버 로그인 URL 조회는 서비스 결과를 반환한다" classname="com.project.ds_helper.domain.user.controller.NaverAuthControllerTest" time="0.001"/>
  <system-out><![CDATA[]]></system-out>
  <system-err><![CDATA[]]></system-err>
</testsuite>
