<?xml version="1.0" encoding="UTF-8"?>
<testsuite name="com.project.ds_helper.common.util.JwtUtilTest" tests="2" skipped="0" failures="0" errors="0" timestamp="2026-05-10T11:39:05" hostname="아기" time="0.411">
  <properties/>
  <testcase name="access token과 refresh token은 서로 다른 값으로 발급된다" classname="com.project.ds_helper.common.util.JwtUtilTest" time="0.227"/>
  <testcase name="access token과 refresh token 모두 기존 파싱 메서드로 사용자 정보를 읽을 수 있다" classname="com.project.ds_helper.common.util.JwtUtilTest" time="0.18"/>
  <system-out><![CDATA[]]></system-out>
  <system-err><![CDATA[]]></system-err>
</testsuite>
