<?xml version="1.0" encoding="UTF-8"?>
<testsuite name="com.project.ds_helper.domain.user.controller.AuthControllerTest" tests="3" skipped="0" failures="0" errors="0" timestamp="2026-05-22T03:03:02" hostname="아기" time="0.35">
  <properties/>
  <testcase name="로그인 여부 확인은 refreshToken 헤더를 읽어 서비스에 위임한다" classname="com.project.ds_helper.domain.user.controller.AuthControllerTest" time="0.334"/>
  <testcase name="기관 가입은 서비스 호출 후 200을 반환한다" classname="com.project.ds_helper.domain.user.controller.AuthControllerTest" time="0.008"/>
  <testcase name="일반 회원 가입은 서비스 호출 후 200을 반환한다" classname="com.project.ds_helper.domain.user.controller.AuthControllerTest" time="0.006"/>
  <system-out><![CDATA[]]></system-out>
  <system-err><![CDATA[]]></system-err>
</testsuite>
