<?xml version="1.0" encoding="UTF-8"?>
<testsuite name="com.project.ds_helper.domain.board.service.BoardScrapServiceTest" tests="8" skipped="0" failures="0" errors="0" timestamp="2026-05-22T03:02:53" hostname="아기" time="0.845">
  <properties/>
  <testcase name="스크랩 수를 조회한다" classname="com.project.ds_helper.domain.board.service.BoardScrapServiceTest" time="0.764"/>
  <testcase name="기존 스크랩이 있으면 삭제하고 false를 반환한다" classname="com.project.ds_helper.domain.board.service.BoardScrapServiceTest" time="0.017"/>
  <testcase name="스크랩 목록 조회는 오름차순 정렬도 지원한다" classname="com.project.ds_helper.domain.board.service.BoardScrapServiceTest" time="0.006"/>
  <testcase name="스크랩이 없으면 새 스크랩을 생성하고 true를 반환한다" classname="com.project.ds_helper.domain.board.service.BoardScrapServiceTest" time="0.008"/>
  <testcase name="내 스크랩 목록 조회 시 썸네일을 포함한 응답을 생성한다" classname="com.project.ds_helper.domain.board.service.BoardScrapServiceTest" time="0.019"/>
  <testcase name="스크랩 목록이 비어 있으면 빈 목록을 반환한다" classname="com.project.ds_helper.domain.board.service.BoardScrapServiceTest" time="0.007"/>
  <testcase name="스크랩 대상 게시글이 없으면 예외가 발생한다" classname="com.project.ds_helper.domain.board.service.BoardScrapServiceTest" time="0.006"/>
  <testcase name="삭제된 게시글은 스크랩할 수 없다" classname="com.project.ds_helper.domain.board.service.BoardScrapServiceTest" time="0.009"/>
  <system-out><![CDATA[]]></system-out>
  <system-err><![CDATA[]]></system-err>
</testsuite>
