<?xml version="1.0" encoding="UTF-8"?>
<testsuite name="com.project.ds_helper.domain.board.service.BoardServiceTest" tests="33" skipped="0" failures="0" errors="0" timestamp="2026-05-22T03:02:53" hostname="아기" time="0.597">
  <properties/>
  <testcase name="게시글 수정은 keepImageUrls가 null이면 기존 이미지를 모두 삭제 대상으로 처리한다" classname="com.project.ds_helper.domain.board.service.BoardServiceTest" time="0.15"/>
  <testcase name="게시글 목록 조회 시 카테고리와 keyword를 함께 검색할 수 있다" classname="com.project.ds_helper.domain.board.service.BoardServiceTest" time="0.026"/>
  <testcase name="카테고리별 게시글 조회 시 썸네일 URL과 좋아요 여부를 포함한다" classname="com.project.ds_helper.domain.board.service.BoardServiceTest" time="0.051"/>
  <testcase name="인증 여부 판정은 principal 상태를 모두 확인한다" classname="com.project.ds_helper.domain.board.service.BoardServiceTest" time="0.039"/>
  <testcase name="이미지 업로드 중 예외가 발생하면 업로드한 S3 키를 롤백한다" classname="com.project.ds_helper.domain.board.service.BoardServiceTest" time="0.026"/>
  <testcase name="내 게시글 조회는 cursorTime과 cursorId가 함께 있으면 조회를 수행한다" classname="com.project.ds_helper.domain.board.service.BoardServiceTest" time="0.011"/>
  <testcase name="게시글 생성은 이미지가 null이면 게시글만 저장한다" classname="com.project.ds_helper.domain.board.service.BoardServiceTest" time="0.01"/>
  <testcase name="삭제된 게시글은 상세 조회할 수 없다" classname="com.project.ds_helper.domain.board.service.BoardServiceTest" time="0.012"/>
  <testcase name="게시글 목록 조회 시 keyword가 있으면 제목 LIKE 검색을 수행한다" classname="com.project.ds_helper.domain.board.service.BoardServiceTest" time="0.017"/>
  <testcase name="게시글 쓰기 예외 래핑은 알 수 없는 checked exception을 RuntimeException으로 감싼다" classname="com.project.ds_helper.domain.board.service.BoardServiceTest" time="0.007"/>
  <testcase name="게시글 생성 이미지 압축 실패 시 업로드된 키가 없으면 S3 롤백을 호출하지 않는다" classname="com.project.ds_helper.domain.board.service.BoardServiceTest" time="0.015"/>
  <testcase name="게시글 수정은 이미지 변경이 없으면 본문만 수정한다" classname="com.project.ds_helper.domain.board.service.BoardServiceTest" time="0.007"/>
  <testcase name="게시글 상세 조회는 이미지가 없으면 빈 이미지 URL 목록을 반환한다" classname="com.project.ds_helper.domain.board.service.BoardServiceTest" time="0.017"/>
  <testcase name="내 게시글 조회는 커서와 다음 페이지 정보를 반환한다" classname="com.project.ds_helper.domain.board.service.BoardServiceTest" time="0.006"/>
  <testcase name="게시글 수정 중 런타임 예외가 발생하면 업로드된 S3 키를 롤백한다" classname="com.project.ds_helper.domain.board.service.BoardServiceTest" time="0.011"/>
  <testcase name="게시글 생성 중 런타임 예외가 발생하면 업로드된 S3 키를 롤백한다" classname="com.project.ds_helper.domain.board.service.BoardServiceTest" time="0.012"/>
  <testcase name="게시글 상세 조회 시 좋아요, 스크랩, 이미지 URL을 포함한다" classname="com.project.ds_helper.domain.board.service.BoardServiceTest" time="0.005"/>
  <testcase name="내 게시글 조회는 빈 결과를 반환할 수 있다" classname="com.project.ds_helper.domain.board.service.BoardServiceTest" time="0.012"/>
  <testcase name="게시글 삭제는 작성자만 수행할 수 있다" classname="com.project.ds_helper.domain.board.service.BoardServiceTest" time="0.005"/>
  <testcase name="게시글 생성 시 게시글과 이미지 정보를 저장한다" classname="com.project.ds_helper.domain.board.service.BoardServiceTest" time="0.012"/>
  <testcase name="게시글 생성 응답은 생성 시간이 있으면 문자열로 반환한다" classname="com.project.ds_helper.domain.board.service.BoardServiceTest" time="0.005"/>
  <testcase name="관리자는 작성자가 아니어도 게시글을 삭제할 수 있다" classname="com.project.ds_helper.domain.board.service.BoardServiceTest" time="0.007"/>
  <testcase name="작성자는 게시글을 삭제할 수 있다" classname="com.project.ds_helper.domain.board.service.BoardServiceTest" time="0.007"/>
  <testcase name="게시글 수정 시 유지하지 않는 이미지를 삭제하고 새 이미지를 저장한다" classname="com.project.ds_helper.domain.board.service.BoardServiceTest" time="0.008"/>
  <testcase name="존재하지 않는 게시글 조회 시 예외가 발생한다" classname="com.project.ds_helper.domain.board.service.BoardServiceTest" time="0.007"/>
  <testcase name="게시글 생성 시 이미지 개수가 제한을 초과하면 예외가 발생한다" classname="com.project.ds_helper.domain.board.service.BoardServiceTest" time="0.008"/>
  <testcase name="게시글 수정은 작성자가 아니면 예외가 발생한다" classname="com.project.ds_helper.domain.board.service.BoardServiceTest" time="0.006"/>
  <testcase name="비로그인 사용자의 게시글 상세 조회는 좋아요와 스크랩 여부를 false로 반환한다" classname="com.project.ds_helper.domain.board.service.BoardServiceTest" time="0.004"/>
  <testcase name="비로그인 사용자의 게시글 목록 조회는 좋아요 여부를 false로 반환한다" classname="com.project.ds_helper.domain.board.service.BoardServiceTest" time="0.012"/>
  <testcase name="게시글 수정 중 업로드 실패가 발생하면 업로드된 S3 키를 롤백한다" classname="com.project.ds_helper.domain.board.service.BoardServiceTest" time="0.011"/>
  <testcase name="전체 카테고리와 blank keyword이면 삭제되지 않은 전체 게시글을 조회한다" classname="com.project.ds_helper.domain.board.service.BoardServiceTest" time="0.004"/>
  <testcase name="내 게시글 조회는 cursorTime과 cursorId가 함께 제공되어야 한다" classname="com.project.ds_helper.domain.board.service.BoardServiceTest" time="0.007"/>
  <testcase name="게시글 수정 이미지 개수는 제한을 초과할 수 없다" classname="com.project.ds_helper.domain.board.service.BoardServiceTest" time="0.005"/>
  <system-out><![CDATA[]]></system-out>
  <system-err><![CDATA[]]></system-err>
</testsuite>
