<?xml version="1.0" encoding="UTF-8"?>
<testsuite name="com.project.ds_helper.domain.board.controller.BoardLikeControllerTest" tests="3" skipped="0" failures="0" errors="0" timestamp="2026-05-10T11:39:07" hostname="아기" time="0.194">
  <properties/>
  <testcase name="좋아요 취소 시 false를 반환한다" classname="com.project.ds_helper.domain.board.controller.BoardLikeControllerTest" time="0.129"/>
  <testcase name="좋아요 수 조회는 서비스 결과를 그대로 반환한다" classname="com.project.ds_helper.domain.board.controller.BoardLikeControllerTest" time="0.036"/>
  <testcase name="좋아요 토글 성공 시 true를 반환한다" classname="com.project.ds_helper.domain.board.controller.BoardLikeControllerTest" time="0.018"/>
  <system-out><![CDATA[]]></system-out>
  <system-err><![CDATA[]]></system-err>
</testsuite>
