<?xml version="1.0" encoding="UTF-8"?>
<testsuite name="com.project.ds_helper.domain.user.service.UserWithdrawalServiceTest" tests="1" skipped="0" failures="0" errors="0" timestamp="2026-05-22T03:03:05" hostname="아기" time="0.002">
  <properties/>
  <testcase name="회원 탈퇴 공통 처리는 고정 Clock 기준 삭제일시를 저장하고 refresh token을 삭제한다" classname="com.project.ds_helper.domain.user.service.UserWithdrawalServiceTest" time="0.002"/>
  <system-out><![CDATA[]]></system-out>
  <system-err><![CDATA[]]></system-err>
</testsuite>
