<?xml version="1.0" encoding="UTF-8"?>
<testsuite name="com.project.ds_helper.domain.user.service.MobileNaverOauthServiceTest" tests="3" skipped="0" failures="0" errors="0" timestamp="2026-05-22T03:03:05" hostname="아기" time="0.09">
  <properties/>
  <testcase name="모바일 네이버 로그인은 gender가 없어도 신규 회원 가입과 토큰 발급이 가능하다" classname="com.project.ds_helper.domain.user.service.MobileNaverOauthServiceTest" time="0.073"/>
  <testcase name="모바일 네이버 신규 가입 시 동일 이메일이 있으면 가입을 거절한다" classname="com.project.ds_helper.domain.user.service.MobileNaverOauthServiceTest" time="0.013"/>
  <testcase name="모바일 네이버 로그인은 기존 회원에게 신규 저장 없이 토큰만 발급한다" classname="com.project.ds_helper.domain.user.service.MobileNaverOauthServiceTest" time="0.004"/>
  <system-out><![CDATA[]]></system-out>
  <system-err><![CDATA[]]></system-err>
</testsuite>
