<?xml version="1.0" encoding="UTF-8"?>
<testsuite name="com.project.ds_helper.domain.admin.controller.AdminReservationControllerTest" tests="2" skipped="0" failures="0" errors="0" timestamp="2026-05-10T11:39:06" hostname="아기" time="0.05">
  <properties/>
  <testcase name="수락된 예약 수 조회는 서비스 결과를 반환한다" classname="com.project.ds_helper.domain.admin.controller.AdminReservationControllerTest" time="0.045"/>
  <testcase name="요청 상태 예약 목록 조회는 서비스 결과를 반환한다" classname="com.project.ds_helper.domain.admin.controller.AdminReservationControllerTest" time="0.004"/>
  <system-out><![CDATA[]]></system-out>
  <system-err><![CDATA[]]></system-err>
</testsuite>
