<?xml version="1.0" encoding="UTF-8"?>
<testsuite name="com.project.ds_helper.domain.board.BoardDtoEntityTest" tests="4" skipped="0" failures="0" errors="0" timestamp="2026-05-22T03:02:52" hostname="아기" time="0.111">
  <properties/>
  <testcase name="BoardCategory는 한글명으로 카테고리를 찾고 잘못된 값은 거부한다" classname="com.project.ds_helper.domain.board.BoardDtoEntityTest" time="0.011"/>
  <testcase name="Board 엔티티는 카운트와 이미지 관계를 관리한다" classname="com.project.ds_helper.domain.board.BoardDtoEntityTest" time="0.015"/>
  <testcase name="Board response DTO는 엔티티 값을 응답 값으로 변환한다" classname="com.project.ds_helper.domain.board.BoardDtoEntityTest" time="0.017"/>
  <testcase name="Board 계열 엔티티는 PrePersist에서 ID를 생성한다" classname="com.project.ds_helper.domain.board.BoardDtoEntityTest" time="0.063"/>
  <system-out><![CDATA[12:02:52.041 [Test worker] INFO com.project.ds_helper.domain.board.entity.Board -- addImage called: stored.png
]]></system-out>
  <system-err><![CDATA[]]></system-err>
</testsuite>
