<?xml version="1.0" encoding="UTF-8"?>
<testsuite name="com.project.ds_helper.domain.user.service.CustomUserDetailsServiceTest" tests="3" skipped="0" failures="0" errors="0" timestamp="2026-05-10T11:39:16" hostname="아기" time="0.028">
  <properties/>
  <testcase name="이메일로 사용자를 찾으면 CustomUserDetails를 반환한다" classname="com.project.ds_helper.domain.user.service.CustomUserDetailsServiceTest" time="0.011"/>
  <testcase name="이메일에 해당하는 사용자가 없으면 예외가 발생한다" classname="com.project.ds_helper.domain.user.service.CustomUserDetailsServiceTest" time="0.003"/>
  <testcase name="삭제된 사용자는 로그인할 수 없다" classname="com.project.ds_helper.domain.user.service.CustomUserDetailsServiceTest" time="0.013"/>
  <system-out><![CDATA[]]></system-out>
  <system-err><![CDATA[]]></system-err>
</testsuite>
