<?xml version="1.0" encoding="UTF-8"?>
<testsuite name="com.project.ds_helper.domain.admin.service.AdminPersonalReservationServiceTest" tests="3" skipped="0" failures="0" errors="0" timestamp="2026-05-10T11:39:06" hostname="아기" time="0.169">
  <properties/>
  <testcase name="관리자는 개인 예약 상태를 변경할 수 있다" classname="com.project.ds_helper.domain.admin.service.AdminPersonalReservationServiceTest" time="0.129"/>
  <testcase name="관리자가 아니면 개인 예약 상태를 변경할 수 없다" classname="com.project.ds_helper.domain.admin.service.AdminPersonalReservationServiceTest" time="0.005"/>
  <testcase name="요청 상태 개인 예약 목록을 조회한다" classname="com.project.ds_helper.domain.admin.service.AdminPersonalReservationServiceTest" time="0.033"/>
  <system-out><![CDATA[20:39:06.878 [Test worker] INFO com.project.ds_helper.domain.reservation.dto.response.GetPersonalReservationsResDto -- content.size : 1, number : 0, size : 1, first : true, last : true. hasNext : false
]]></system-out>
  <system-err><![CDATA[]]></system-err>
</testsuite>
