<?xml version="1.0" encoding="UTF-8"?>
<testsuite name="com.project.ds_helper.domain.post.service.PostServiceTest" tests="27" skipped="0" failures="0" errors="0" timestamp="2026-05-22T03:02:57" hostname="아기" time="0.348">
  <properties/>
  <testcase name="게시글 목록 조회는 오름차순 정렬을 지원한다" classname="com.project.ds_helper.domain.post.service.PostServiceTest" time="0.136"/>
  <testcase name="삭제된 회원의 게시글은 목록 조회에서 제외된 결과만 반환한다" classname="com.project.ds_helper.domain.post.service.PostServiceTest" time="0.004"/>
  <testcase name="게시글 생성은 빈 이미지 목록이면 게시글만 저장한다" classname="com.project.ds_helper.domain.post.service.PostServiceTest" time="0.008"/>
  <testcase name="게시글 목록 조회 시 keyword가 있으면 제목 LIKE 검색을 수행한다" classname="com.project.ds_helper.domain.post.service.PostServiceTest" time="0.005"/>
  <testcase name="게시글 생성은 이미지가 있으면 압축, 엔티티 추가, S3 업로드를 수행한다" classname="com.project.ds_helper.domain.post.service.PostServiceTest" time="0.013"/>
  <testcase name="관리자는 작성자가 아니어도 게시글을 수정할 수 있다" classname="com.project.ds_helper.domain.post.service.PostServiceTest" time="0.009"/>
  <testcase name="게시글 목록 조회는 viewCount 정렬을 허용한다" classname="com.project.ds_helper.domain.post.service.PostServiceTest" time="0.006"/>
  <testcase name="게시글 수정 시 삭제 대상이 없어도 새 이미지는 추가 업로드한다" classname="com.project.ds_helper.domain.post.service.PostServiceTest" time="0.011"/>
  <testcase name="게시글 단건 조회는 게시글이 없으면 예외가 발생한다" classname="com.project.ds_helper.domain.post.service.PostServiceTest" time="0.004"/>
  <testcase name="게시글 삭제는 관리자일 때 S3 삭제 후 게시글 삭제를 호출한다" classname="com.project.ds_helper.domain.post.service.PostServiceTest" time="0.008"/>
  <testcase name="게시글 삭제는 관리자만 수행할 수 있다" classname="com.project.ds_helper.domain.post.service.PostServiceTest" time="0.003"/>
  <testcase name="게시글 수정은 작성자와 관리자가 아니면 예외가 발생한다" classname="com.project.ds_helper.domain.post.service.PostServiceTest" time="0.005"/>
  <testcase name="게시글 수정은 게시글 ID가 없으면 예외가 발생한다" classname="com.project.ds_helper.domain.post.service.PostServiceTest" time="0.005"/>
  <testcase name="게시글 수정은 S3 삭제 결과가 null이면 예외가 발생한다" classname="com.project.ds_helper.domain.post.service.PostServiceTest" time="0.018"/>
  <testcase name="게시글 생성은 제목이나 내용이 없으면 예외가 발생한다" classname="com.project.ds_helper.domain.post.service.PostServiceTest" time="0.003"/>
  <testcase name="게시글 목록 조회는 페이지 DTO를 반환한다" classname="com.project.ds_helper.domain.post.service.PostServiceTest" time="0.009"/>
  <testcase name="게시글 단건 조회는 조회수 증가 후 DTO를 반환한다" classname="com.project.ds_helper.domain.post.service.PostServiceTest" time="0.008"/>
  <testcase name="게시글 생성은 내용이 없으면 예외가 발생한다" classname="com.project.ds_helper.domain.post.service.PostServiceTest" time="0.005"/>
  <testcase name="updatePost updates text only when images is empty" classname="com.project.ds_helper.domain.post.service.PostServiceTest" time="0.006"/>
  <testcase name="게시글 수정은 기존 이미지 삭제 대상이 있으면 S3 삭제 후 새 이미지를 업로드한다" classname="com.project.ds_helper.domain.post.service.PostServiceTest" time="0.01"/>
  <testcase name="게시글 목록 조회는 허용되지 않은 정렬 기준이면 예외를 던진다" classname="com.project.ds_helper.domain.post.service.PostServiceTest" time="0.003"/>
  <testcase name="게시글 수정은 이미지가 없고 imageUrls가 null이어도 본문만 수정한다" classname="com.project.ds_helper.domain.post.service.PostServiceTest" time="0.003"/>
  <testcase name="조회수 증가에 실패하면 예외가 발생한다" classname="com.project.ds_helper.domain.post.service.PostServiceTest" time="0.003"/>
  <testcase name="게시글 생성은 이미지가 없으면 게시글만 저장한다" classname="com.project.ds_helper.domain.post.service.PostServiceTest" time="0.003"/>
  <testcase name="게시글 목록 조회는 blank keyword면 전체 조회를 수행한다" classname="com.project.ds_helper.domain.post.service.PostServiceTest" time="0.003"/>
  <testcase name="게시글 수정은 내용이 없으면 예외가 발생한다" classname="com.project.ds_helper.domain.post.service.PostServiceTest" time="0.007"/>
  <testcase name="게시글 수정은 제목이 없으면 예외가 발생한다" classname="com.project.ds_helper.domain.post.service.PostServiceTest" time="0.002"/>
  <system-out><![CDATA[12:02:57.250 [Test worker] INFO com.project.ds_helper.domain.post.dto.response.GetAllPostOfUserResDto -- Posts is Empty
12:02:57.265 [Test worker] INFO com.project.ds_helper.domain.post.dto.response.GetAllPostOfUserResDto -- posts size : 1
12:02:57.265 [Test worker] INFO com.project.ds_helper.domain.post.dto.response.GetPostResDto -- createdAt : 2026-03-27T10:00
12:02:57.266 [Test worker] INFO com.project.ds_helper.domain.post.dto.response.GetPostResDto -- createdAt convert to LocalDate : 2026-03-27
12:02:57.280 [Test worker] INFO com.project.ds_helper.domain.post.dto.response.GetAllPostOfUserResDto -- posts size : 1
12:02:57.280 [Test worker] INFO com.project.ds_helper.domain.post.dto.response.GetPostResDto -- createdAt : 2026-03-27T10:00
12:02:57.280 [Test worker] INFO com.project.ds_helper.domain.post.dto.response.GetPostResDto -- createdAt convert to LocalDate : 2026-03-27
12:02:57.311 [Test worker] INFO com.project.ds_helper.domain.post.entity.Post -- addImage called: stored
12:02:57.327 [Test worker] INFO com.project.ds_helper.domain.post.dto.response.GetAllPostOfUserResDto -- posts size : 1
12:02:57.329 [Test worker] INFO com.project.ds_helper.domain.post.dto.response.GetPostResDto -- createdAt : 2026-03-27T10:00
12:02:57.329 [Test worker] INFO com.project.ds_helper.domain.post.dto.response.GetPostResDto -- createdAt convert to LocalDate : 2026-03-27
12:02:57.337 [Test worker] INFO com.project.ds_helper.domain.post.entity.Post -- addImage called: keep.png
12:02:57.340 [Test worker] INFO com.project.ds_helper.domain.post.entity.Post -- addImage called: stored-new
12:02:57.375 [Test worker] INFO com.project.ds_helper.domain.post.entity.Post -- addImage called: remove.png
12:02:57.381 [Test worker] INFO com.project.ds_helper.domain.post.entity.Post -- addImage called: stored-new
12:02:57.403 [Test worker] INFO com.project.ds_helper.domain.post.dto.response.GetAllPostOfUserResDto -- posts size : 1
12:02:57.404 [Test worker] INFO com.project.ds_helper.domain.post.dto.response.GetPostResDto -- createdAt : 2026-03-27T10:00
12:02:57.404 [Test worker] INFO com.project.ds_helper.domain.post.dto.response.GetPostResDto -- createdAt convert to LocalDate : 2026-03-27
12:02:57.409 [Test worker] INFO com.project.ds_helper.domain.post.dto.response.GetPostResDto -- createdAt : 2026-03-27T10:00
12:02:57.411 [Test worker] INFO com.project.ds_helper.domain.post.dto.response.GetPostResDto -- createdAt convert to LocalDate : 2026-03-27
12:02:57.430 [Test worker] INFO com.project.ds_helper.domain.post.entity.Post -- addImage called: remove.png
12:02:57.433 [Test worker] INFO com.project.ds_helper.domain.post.entity.Post -- addImage called: stored-new
12:02:57.459 [Test worker] INFO com.project.ds_helper.domain.post.dto.response.GetAllPostOfUserResDto -- Posts is Empty
]]></system-out>
  <system-err><![CDATA[]]></system-err>
</testsuite>
