<?xml version="1.0" encoding="UTF-8"?>
<testsuite name="com.project.ds_helper.domain.board.controller.BoardScrapControllerTest" tests="3" skipped="0" failures="0" errors="0" timestamp="2026-05-22T03:02:52" hostname="아기" time="0.125">
  <properties/>
  <testcase name="스크랩 목록 조회는 스크랩 게시글 응답을 반환한다" classname="com.project.ds_helper.domain.board.controller.BoardScrapControllerTest" time="0.112"/>
  <testcase name="스크랩 수 조회는 서비스 결과를 그대로 반환한다" classname="com.project.ds_helper.domain.board.controller.BoardScrapControllerTest" time="0.004"/>
  <testcase name="스크랩 토글은 서비스 호출 결과를 반환한다" classname="com.project.ds_helper.domain.board.controller.BoardScrapControllerTest" time="0.004"/>
  <system-out><![CDATA[]]></system-out>
  <system-err><![CDATA[]]></system-err>
</testsuite>
