<?xml version="1.0" encoding="UTF-8"?>
<testsuite name="com.project.ds_helper.domain.trashbin.controller.TrashBinControllerTest" tests="5" skipped="0" failures="0" errors="0" timestamp="2026-05-22T03:03:02" hostname="아기" time="0.132">
  <properties/>
  <testcase name="CSV 업로드 요청 시 저장 결과를 반환한다" classname="com.project.ds_helper.domain.trashbin.controller.TrashBinControllerTest" time="0.075"/>
  <testcase name="쓰레기통 이미지 업로드 요청 시 업로드 결과를 반환한다" classname="com.project.ds_helper.domain.trashbin.controller.TrashBinControllerTest" time="0.008"/>
  <testcase name="쓰레기통 이미지 복수 업로드 요청이 null이어도 서비스로 위임한다" classname="com.project.ds_helper.domain.trashbin.controller.TrashBinControllerTest" time="0.003"/>
  <testcase name="쓰레기통 이미지 복수 업로드 요청 시 업로드 결과 목록을 반환한다" classname="com.project.ds_helper.domain.trashbin.controller.TrashBinControllerTest" time="0.015"/>
  <testcase name="쓰레기통 목록 조회 요청 시 목록을 반환한다" classname="com.project.ds_helper.domain.trashbin.controller.TrashBinControllerTest" time="0.024"/>
  <system-out><![CDATA[]]></system-out>
  <system-err><![CDATA[]]></system-err>
</testsuite>
