<?xml version="1.0" encoding="UTF-8"?>
<testsuite name="com.project.ds_helper.domain.admin.service.AdminUserServiceTest" tests="3" skipped="0" failures="0" errors="0" timestamp="2026-05-22T03:02:51" hostname="아기" time="0.294">
  <properties/>
  <testcase name="관리자가 아니면 이름 기반 사용자 조회를 할 수 없다" classname="com.project.ds_helper.domain.admin.service.AdminUserServiceTest" time="0.24"/>
  <testcase name="가입한 사용자 수를 조회한다" classname="com.project.ds_helper.domain.admin.service.AdminUserServiceTest" time="0.026"/>
  <testcase name="관리자는 이름으로 사용자 예약 정보를 조회할 수 있다" classname="com.project.ds_helper.domain.admin.service.AdminUserServiceTest" time="0.019"/>
  <system-out><![CDATA[]]></system-out>
  <system-err><![CDATA[]]></system-err>
</testsuite>
