<?xml version="1.0" encoding="UTF-8"?>
<testsuite name="com.project.ds_helper.domain.welfare.service.WelfareSyncServiceTest" tests="31" skipped="0" failures="0" errors="0" timestamp="2026-05-22T03:03:06" hostname="아기" time="1.939">
  <properties/>
  <testcase name="복지 동기화 시 XML 상세 응답도 상세 필드와 목록성 원문 JSON으로 저장한다" classname="com.project.ds_helper.domain.welfare.service.WelfareSyncServiceTest" time="0.908"/>
  <testcase name="상세 응답이 null이면 상세 실패 상태로 저장한다" classname="com.project.ds_helper.domain.welfare.service.WelfareSyncServiceTest" time="0.022"/>
  <testcase name="목록 응답의 totalCount가 null이면 현재 페이지만 처리하고 종료한다" classname="com.project.ds_helper.domain.welfare.service.WelfareSyncServiceTest" time="0.037"/>
  <testcase name="기존 서비스의 lastModYmd가 동일하고 상세가 이미 동기화되어 있으면 상세 API 호출을 생략한다" classname="com.project.ds_helper.domain.welfare.service.WelfareSyncServiceTest" time="0.029"/>
  <testcase name="목록 응답이 null이면 처리 없이 정상 종료한다" classname="com.project.ds_helper.domain.welfare.service.WelfareSyncServiceTest" time="0.028"/>
  <testcase name="단건 상세 fallback은 서비스명이 없으면 빈 결과를 반환한다" classname="com.project.ds_helper.domain.welfare.service.WelfareSyncServiceTest" time="0.026"/>
  <testcase name="목록 응답의 서비스 목록이 비어 있으면 처리 없이 종료한다" classname="com.project.ds_helper.domain.welfare.service.WelfareSyncServiceTest" time="0.025"/>
  <testcase name="상세 응답이 blank이면 상세 실패 상태로 저장한다" classname="com.project.ds_helper.domain.welfare.service.WelfareSyncServiceTest" time="0.037"/>
  <testcase name="목록 API 호출 자체가 실패하면 치명 오류 리포트를 전송하고 현재 결과를 반환한다" classname="com.project.ds_helper.domain.welfare.service.WelfareSyncServiceTest" time="0.026"/>
  <testcase name="단건 상세 fallback은 상세 조회 예외가 발생하면 빈 결과를 반환한다" classname="com.project.ds_helper.domain.welfare.service.WelfareSyncServiceTest" time="0.023"/>
  <testcase name="단건 상세 fallback은 상세 응답이 null이면 빈 결과를 반환한다" classname="com.project.ds_helper.domain.welfare.service.WelfareSyncServiceTest" time="0.019"/>
  <testcase name="목록에 null item이 있으면 항목 실패로 처리한다" classname="com.project.ds_helper.domain.welfare.service.WelfareSyncServiceTest" time="0.025"/>
  <testcase name="기존 서비스의 상세 동기화가 실패 상태면 수정일이 같아도 상세 API를 다시 호출한다" classname="com.project.ds_helper.domain.welfare.service.WelfareSyncServiceTest" time="0.051"/>
  <testcase name="부분 동기화에서는 종료 처리를 생략한다" classname="com.project.ds_helper.domain.welfare.service.WelfareSyncServiceTest" time="0.022"/>
  <testcase name="전체 동기화에서 이번 목록에 없는 기존 활성 서비스는 종료 처리한다" classname="com.project.ds_helper.domain.welfare.service.WelfareSyncServiceTest" time="0.02"/>
  <testcase name="단건 상세 fallback은 서비스 ID가 없으면 빈 결과를 반환한다" classname="com.project.ds_helper.domain.welfare.service.WelfareSyncServiceTest" time="0.016"/>
  <testcase name="상세 응답 파싱이 실패하면 목록은 저장하고 상세 실패 상태를 기록한다" classname="com.project.ds_helper.domain.welfare.service.WelfareSyncServiceTest" time="0.02"/>
  <testcase name="동기화 중 오류가 발생하면 실패 카운트가 포함된 리포트를 전송한다" classname="com.project.ds_helper.domain.welfare.service.WelfareSyncServiceTest" time="0.023"/>
  <testcase name="단건 상세 fallback은 공공데이터포털 상세 응답을 Entity로 저장하고 반환한다" classname="com.project.ds_helper.domain.welfare.service.WelfareSyncServiceTest" time="0.056"/>
  <testcase name="단건 상세 fallback은 상세 응답이 blank이면 빈 결과를 반환한다" classname="com.project.ds_helper.domain.welfare.service.WelfareSyncServiceTest" time="0.016"/>
  <testcase name="기존 서비스의 lastModYmd가 변경되면 상세 API를 다시 호출한다" classname="com.project.ds_helper.domain.welfare.service.WelfareSyncServiceTest" time="0.028"/>
  <testcase name="상세 동기화 실패 재시도 중 다시 실패하면 실패 상태를 유지한다" classname="com.project.ds_helper.domain.welfare.service.WelfareSyncServiceTest" time="0.021"/>
  <testcase name="목록 응답의 서비스 목록이 null이면 처리 없이 종료한다" classname="com.project.ds_helper.domain.welfare.service.WelfareSyncServiceTest" time="0.022"/>
  <testcase name="기존 서비스의 lastModYmd가 없고 상세가 이미 동기화되어 있으면 상세 API 호출을 생략한다" classname="com.project.ds_helper.domain.welfare.service.WelfareSyncServiceTest" time="0.023"/>
  <testcase name="상세 파서의 null, object, array, 누락 분기를 검증한다" classname="com.project.ds_helper.domain.welfare.service.WelfareSyncServiceTest" time="0.023"/>
  <testcase name="기존 서비스의 상세 동기화 이력이 없으면 상세 API를 호출한다" classname="com.project.ds_helper.domain.welfare.service.WelfareSyncServiceTest" time="0.021"/>
  <testcase name="상세 동기화 실패 재시도는 실패 상태 서비스를 다시 상세 동기화한다" classname="com.project.ds_helper.domain.welfare.service.WelfareSyncServiceTest" time="0.019"/>
  <testcase name="복지 동기화는 실제 XML 상세 응답처럼 홈페이지 목록이 없어도 나머지 상세 필드를 저장한다" classname="com.project.ds_helper.domain.welfare.service.WelfareSyncServiceTest" time="0.024"/>
  <testcase name="목록 응답이 여러 페이지면 다음 페이지까지 조회한다" classname="com.project.ds_helper.domain.welfare.service.WelfareSyncServiceTest" time="0.038"/>
  <testcase name="창원시 복지 데이터 동기화 시 API 데이터를 DB에 저장한다" classname="com.project.ds_helper.domain.welfare.service.WelfareSyncServiceTest" time="0.045"/>
  <testcase name="전체 동기화에서 이번 목록에 포함된 기존 활성 서비스는 종료 처리하지 않는다" classname="com.project.ds_helper.domain.welfare.service.WelfareSyncServiceTest" time="0.023"/>
  <system-out><![CDATA[12:03:06.818 [Test worker] INFO com.project.ds_helper.domain.welfare.service.WelfareSyncService -- WelfareSyncService.syncWelfareData started. cityProvinceName=null, districtName=null, markDiscontinued=true
12:03:07.099 [Test worker] INFO com.project.ds_helper.domain.welfare.service.WelfareSyncService -- WelfareSyncService.markDiscontinuedServices completed. activeCount=0, discontinuedCount=0
12:03:07.101 [Test worker] INFO com.project.ds_helper.domain.welfare.service.WelfareSyncService -- WelfareSyncService.syncWelfareData completed. total=1, success=1, failure=0, discontinued=0, detailFailure=0
12:03:07.129 [Test worker] INFO com.project.ds_helper.domain.welfare.service.WelfareSyncService -- WelfareSyncService.syncWelfareData started. cityProvinceName=null, districtName=null, markDiscontinued=true
12:03:07.131 [Test worker] INFO com.project.ds_helper.domain.welfare.service.WelfareSyncService -- WelfareSyncService.markDiscontinuedServices completed. activeCount=0, discontinuedCount=0
12:03:07.132 [Test worker] INFO com.project.ds_helper.domain.welfare.service.WelfareSyncService -- WelfareSyncService.syncWelfareData completed. total=1, success=1, failure=0, discontinued=0, detailFailure=1
12:03:07.166 [Test worker] INFO com.project.ds_helper.domain.welfare.service.WelfareSyncService -- WelfareSyncService.syncWelfareData started. cityProvinceName=null, districtName=null, markDiscontinued=true
12:03:07.179 [Test worker] INFO com.project.ds_helper.domain.welfare.service.WelfareSyncService -- WelfareSyncService.markDiscontinuedServices completed. activeCount=0, discontinuedCount=0
12:03:07.180 [Test worker] INFO com.project.ds_helper.domain.welfare.service.WelfareSyncService -- WelfareSyncService.syncWelfareData completed. total=1, success=1, failure=0, discontinued=0, detailFailure=0
12:03:07.215 [Test worker] INFO com.project.ds_helper.domain.welfare.service.WelfareSyncService -- WelfareSyncService.syncWelfareData started. cityProvinceName=null, districtName=null, markDiscontinued=true
12:03:07.219 [Test worker] INFO com.project.ds_helper.domain.welfare.service.WelfareSyncService -- WelfareSyncService.markDiscontinuedServices completed. activeCount=0, discontinuedCount=0
12:03:07.220 [Test worker] INFO com.project.ds_helper.domain.welfare.service.WelfareSyncService -- WelfareSyncService.syncWelfareData completed. total=1, success=1, failure=0, discontinued=0, detailFailure=0
12:03:07.253 [Test worker] INFO com.project.ds_helper.domain.welfare.service.WelfareSyncService -- WelfareSyncService.syncWelfareData started. cityProvinceName=null, districtName=null, markDiscontinued=true
12:03:07.253 [Test worker] INFO com.project.ds_helper.domain.welfare.service.WelfareSyncService -- WelfareSyncService.markDiscontinuedServices completed. activeCount=0, discontinuedCount=0
12:03:07.255 [Test worker] INFO com.project.ds_helper.domain.welfare.service.WelfareSyncService -- WelfareSyncService.syncWelfareData completed. total=0, success=0, failure=0, discontinued=0, detailFailure=0
12:03:07.288 [Test worker] INFO com.project.ds_helper.domain.welfare.service.WelfareSyncService -- WelfareSyncService.fetchAndSaveWelfareDetailByServiceId started. serviceId=MISSING_NAME
12:03:07.290 [Test worker] WARN com.project.ds_helper.domain.welfare.service.WelfareSyncService -- WelfareSyncService.fetchAndSaveWelfareDetailByServiceId invalid response. requestedServiceId=MISSING_NAME, resolvedServiceId=MISSING_NAME, serviceName=null
12:03:07.322 [Test worker] INFO com.project.ds_helper.domain.welfare.service.WelfareSyncService -- WelfareSyncService.syncWelfareData started. cityProvinceName=null, districtName=null, markDiscontinued=true
12:03:07.324 [Test worker] INFO com.project.ds_helper.domain.welfare.service.WelfareSyncService -- WelfareSyncService.markDiscontinuedServices completed. activeCount=0, discontinuedCount=0
12:03:07.325 [Test worker] INFO com.project.ds_helper.domain.welfare.service.WelfareSyncService -- WelfareSyncService.syncWelfareData completed. total=0, success=0, failure=0, discontinued=0, detailFailure=0
12:03:07.361 [Test worker] INFO com.project.ds_helper.domain.welfare.service.WelfareSyncService -- WelfareSyncService.syncWelfareData started. cityProvinceName=null, districtName=null, markDiscontinued=true
12:03:07.367 [Test worker] INFO com.project.ds_helper.domain.welfare.service.WelfareSyncService -- WelfareSyncService.markDiscontinuedServices completed. activeCount=0, discontinuedCount=0
12:03:07.370 [Test worker] INFO com.project.ds_helper.domain.welfare.service.WelfareSyncService -- WelfareSyncService.syncWelfareData completed. total=1, success=1, failure=0, discontinued=0, detailFailure=1
12:03:07.400 [Test worker] INFO com.project.ds_helper.domain.welfare.service.WelfareSyncService -- WelfareSyncService.syncWelfareData started. cityProvinceName=null, districtName=null, markDiscontinued=true
12:03:07.403 [Test worker] ERROR com.project.ds_helper.domain.welfare.service.WelfareSyncService -- WelfareSyncService.syncWelfareData loop failed. pageNumber=1, reason=network error
java.lang.RuntimeException: network error
	at com.project.ds_helper.domain.welfare.client.PublicDataWelfareClient.fetchWelfareList(PublicDataWelfareClient.java:33)
	at com.project.ds_helper.domain.welfare.service.WelfareSyncService.syncWelfareData(WelfareSyncService.java:68)
	at com.project.ds_helper.domain.welfare.service.WelfareSyncService.syncAllWelfareData(WelfareSyncService.java:46)
	at com.project.ds_helper.domain.welfare.service.WelfareSyncServiceTest.syncAllWelfareData_returnsCurrentResultWhenListFetchFails(WelfareSyncServiceTest.java:352)
	at java.base/jdk.internal.reflect.DirectMethodHandleAccessor.invoke(DirectMethodHandleAccessor.java:103)
	at java.base/java.lang.reflect.Method.invoke(Method.java:580)
	at org.junit.platform.commons.util.ReflectionUtils.invokeMethod(ReflectionUtils.java:775)
	at org.junit.platform.commons.support.ReflectionSupport.invokeMethod(ReflectionSupport.java:479)
	at org.junit.jupiter.engine.execution.MethodInvocation.proceed(MethodInvocation.java:60)
	at org.junit.jupiter.engine.execution.InvocationInterceptorChain$ValidatingInvocation.proceed(InvocationInterceptorChain.java:131)
	at org.junit.jupiter.engine.extension.TimeoutExtension.intercept(TimeoutExtension.java:161)
	at org.junit.jupiter.engine.extension.TimeoutExtension.interceptTestableMethod(TimeoutExtension.java:152)
	at org.junit.jupiter.engine.extension.TimeoutExtension.interceptTestMethod(TimeoutExtension.java:91)
	at org.junit.jupiter.engine.execution.InterceptingExecutableInvoker$ReflectiveInterceptorCall.lambda$ofVoidMethod$0(InterceptingExecutableInvoker.java:112)
	at org.junit.jupiter.engine.execution.InterceptingExecutableInvoker.lambda$invoke$0(InterceptingExecutableInvoker.java:94)
	at org.junit.jupiter.engine.execution.InvocationInterceptorChain$InterceptedInvocation.proceed(InvocationInterceptorChain.java:106)
	at org.junit.jupiter.engine.execution.InvocationInterceptorChain.proceed(InvocationInterceptorChain.java:64)
	at org.junit.jupiter.engine.execution.InvocationInterceptorChain.chainAndInvoke(InvocationInterceptorChain.java:45)
	at org.junit.jupiter.engine.execution.InvocationInterceptorChain.invoke(InvocationInterceptorChain.java:37)
	at org.junit.jupiter.engine.execution.InterceptingExecutableInvoker.invoke(InterceptingExecutableInvoker.java:93)
	at org.junit.jupiter.engine.execution.InterceptingExecutableInvoker.invoke(InterceptingExecutableInvoker.java:87)
	at org.junit.jupiter.engine.descriptor.TestMethodTestDescriptor.lambda$invokeTestMethod$7(TestMethodTestDescriptor.java:216)
	at org.junit.platform.engine.support.hierarchical.ThrowableCollector.execute(ThrowableCollector.java:73)
	at org.junit.jupiter.engine.descriptor.TestMethodTestDescriptor.invokeTestMethod(TestMethodTestDescriptor.java:212)
	at org.junit.jupiter.engine.descriptor.TestMethodTestDescriptor.execute(TestMethodTestDescriptor.java:137)
	at org.junit.jupiter.engine.descriptor.TestMethodTestDescriptor.execute(TestMethodTestDescriptor.java:69)
	at org.junit.platform.engine.support.hierarchical.NodeTestTask.lambda$executeRecursively$6(NodeTestTask.java:156)
	at org.junit.platform.engine.support.hierarchical.ThrowableCollector.execute(ThrowableCollector.java:73)
	at org.junit.platform.engine.support.hierarchical.NodeTestTask.lambda$executeRecursively$8(NodeTestTask.java:146)
	at org.junit.platform.engine.support.hierarchical.Node.around(Node.java:137)
	at org.junit.platform.engine.support.hierarchical.NodeTestTask.lambda$executeRecursively$9(NodeTestTask.java:144)
	at org.junit.platform.engine.support.hierarchical.ThrowableCollector.execute(ThrowableCollector.java:73)
	at org.junit.platform.engine.support.hierarchical.NodeTestTask.executeRecursively(NodeTestTask.java:143)
	at org.junit.platform.engine.support.hierarchical.NodeTestTask.execute(NodeTestTask.java:100)
	at java.base/java.util.ArrayList.forEach(ArrayList.java:1596)
	at org.junit.platform.engine.support.hierarchical.SameThreadHierarchicalTestExecutorService.invokeAll(SameThreadHierarchicalTestExecutorService.java:41)
	at org.junit.platform.engine.support.hierarchical.NodeTestTask.lambda$executeRecursively$6(NodeTestTask.java:160)
	at org.junit.platform.engine.support.hierarchical.ThrowableCollector.execute(ThrowableCollector.java:73)
	at org.junit.platform.engine.support.hierarchical.NodeTestTask.lambda$executeRecursively$8(NodeTestTask.java:146)
	at org.junit.platform.engine.support.hierarchical.Node.around(Node.java:137)
	at org.junit.platform.engine.support.hierarchical.NodeTestTask.lambda$executeRecursively$9(NodeTestTask.java:144)
	at org.junit.platform.engine.support.hierarchical.ThrowableCollector.execute(ThrowableCollector.java:73)
	at org.junit.platform.engine.support.hierarchical.NodeTestTask.executeRecursively(NodeTestTask.java:143)
	at org.junit.platform.engine.support.hierarchical.NodeTestTask.execute(NodeTestTask.java:100)
	at java.base/java.util.ArrayList.forEach(ArrayList.java:1596)
	at org.junit.platform.engine.support.hierarchical.SameThreadHierarchicalTestExecutorService.invokeAll(SameThreadHierarchicalTestExecutorService.java:41)
	at org.junit.platform.engine.support.hierarchical.NodeTestTask.lambda$executeRecursively$6(NodeTestTask.java:160)
	at org.junit.platform.engine.support.hierarchical.ThrowableCollector.execute(ThrowableCollector.java:73)
	at org.junit.platform.engine.support.hierarchical.NodeTestTask.lambda$executeRecursively$8(NodeTestTask.java:146)
	at org.junit.platform.engine.support.hierarchical.Node.around(Node.java:137)
	at org.junit.platform.engine.support.hierarchical.NodeTestTask.lambda$executeRecursively$9(NodeTestTask.java:144)
	at org.junit.platform.engine.support.hierarchical.ThrowableCollector.execute(ThrowableCollector.java:73)
	at org.junit.platform.engine.support.hierarchical.NodeTestTask.executeRecursively(NodeTestTask.java:143)
	at org.junit.platform.engine.support.hierarchical.NodeTestTask.execute(NodeTestTask.java:100)
	at org.junit.platform.engine.support.hierarchical.SameThreadHierarchicalTestExecutorService.submit(SameThreadHierarchicalTestExecutorService.java:35)
	at org.junit.platform.engine.support.hierarchical.HierarchicalTestExecutor.execute(HierarchicalTestExecutor.java:57)
	at org.junit.platform.engine.support.hierarchical.HierarchicalTestEngine.execute(HierarchicalTestEngine.java:54)
	at org.junit.platform.launcher.core.EngineExecutionOrchestrator.execute(EngineExecutionOrchestrator.java:201)
	at org.junit.platform.launcher.core.EngineExecutionOrchestrator.execute(EngineExecutionOrchestrator.java:170)
	at org.junit.platform.launcher.core.EngineExecutionOrchestrator.execute(EngineExecutionOrchestrator.java:94)
	at org.junit.platform.launcher.core.EngineExecutionOrchestrator.lambda$execute$0(EngineExecutionOrchestrator.java:59)
	at org.junit.platform.launcher.core.EngineExecutionOrchestrator.withInterceptedStreams(EngineExecutionOrchestrator.java:142)
	at org.junit.platform.launcher.core.EngineExecutionOrchestrator.execute(EngineExecutionOrchestrator.java:58)
	at org.junit.platform.launcher.core.DefaultLauncher.execute(DefaultLauncher.java:103)
	at org.junit.platform.launcher.core.DefaultLauncher.execute(DefaultLauncher.java:85)
	at org.junit.platform.launcher.core.DelegatingLauncher.execute(DelegatingLauncher.java:47)
	at org.junit.platform.launcher.core.InterceptingLauncher.lambda$execute$1(InterceptingLauncher.java:39)
	at org.junit.platform.launcher.core.ClasspathAlignmentCheckingLauncherInterceptor.intercept(ClasspathAlignmentCheckingLauncherInterceptor.java:25)
	at org.junit.platform.launcher.core.InterceptingLauncher.execute(InterceptingLauncher.java:38)
	at org.junit.platform.launcher.core.DelegatingLauncher.execute(DelegatingLauncher.java:47)
	at org.gradle.api.internal.tasks.testing.junitplatform.JUnitPlatformTestClassProcessor$CollectAllTestClassesExecutor.processAllTestClasses(JUnitPlatformTestClassProcessor.java:124)
	at org.gradle.api.internal.tasks.testing.junitplatform.JUnitPlatformTestClassProcessor$CollectAllTestClassesExecutor.access$000(JUnitPlatformTestClassProcessor.java:99)
	at org.gradle.api.internal.tasks.testing.junitplatform.JUnitPlatformTestClassProcessor.stop(JUnitPlatformTestClassProcessor.java:94)
	at org.gradle.api.internal.tasks.testing.SuiteTestClassProcessor.stop(SuiteTestClassProcessor.java:63)
	at java.base/jdk.internal.reflect.DirectMethodHandleAccessor.invoke(DirectMethodHandleAccessor.java:103)
	at java.base/java.lang.reflect.Method.invoke(Method.java:580)
	at org.gradle.internal.dispatch.ReflectionDispatch.dispatch(ReflectionDispatch.java:36)
	at org.gradle.internal.dispatch.ReflectionDispatch.dispatch(ReflectionDispatch.java:24)
	at org.gradle.internal.dispatch.ContextClassLoaderDispatch.dispatch(ContextClassLoaderDispatch.java:33)
	at org.gradle.internal.dispatch.ProxyDispatchAdapter$DispatchingInvocationHandler.invoke(ProxyDispatchAdapter.java:92)
	at jdk.proxy2/jdk.proxy2.$Proxy6.stop(Unknown Source)
	at org.gradle.api.internal.tasks.testing.worker.TestWorker$3.run(TestWorker.java:200)
	at org.gradle.api.internal.tasks.testing.worker.TestWorker.executeAndMaintainThreadName(TestWorker.java:132)
	at org.gradle.api.internal.tasks.testing.worker.TestWorker.execute(TestWorker.java:103)
	at org.gradle.api.internal.tasks.testing.worker.TestWorker.execute(TestWorker.java:63)
	at org.gradle.process.internal.worker.child.ActionExecutionWorker.execute(ActionExecutionWorker.java:56)
	at org.gradle.process.internal.worker.child.SystemApplicationClassLoaderWorker.call(SystemApplicationClassLoaderWorker.java:121)
	at org.gradle.process.internal.worker.child.SystemApplicationClassLoaderWorker.call(SystemApplicationClassLoaderWorker.java:71)
	at worker.org.gradle.process.internal.worker.GradleWorkerMain.run(GradleWorkerMain.java:69)
	at worker.org.gradle.process.internal.worker.GradleWorkerMain.main(GradleWorkerMain.java:74)
12:03:07.433 [Test worker] INFO com.project.ds_helper.domain.welfare.service.WelfareSyncService -- WelfareSyncService.fetchAndSaveWelfareDetailByServiceId started. serviceId=FETCH_FAIL
12:03:07.434 [Test worker] WARN com.project.ds_helper.domain.welfare.service.WelfareSyncService -- WelfareSyncService.fetchAndSaveWelfareDetailByServiceId failed. serviceId=FETCH_FAIL, reason=network error
java.lang.RuntimeException: network error
	at com.project.ds_helper.domain.welfare.client.PublicDataWelfareClient.fetchWelfareDetail(PublicDataWelfareClient.java:55)
	at com.project.ds_helper.domain.welfare.service.WelfareSyncService.fetchAndSaveWelfareDetailByServiceId(WelfareSyncService.java:290)
	at com.project.ds_helper.domain.welfare.service.WelfareSyncServiceTest.fetchAndSaveWelfareDetailByServiceId_returnsEmptyWhenDetailFetchFails(WelfareSyncServiceTest.java:215)
	at java.base/jdk.internal.reflect.DirectMethodHandleAccessor.invoke(DirectMethodHandleAccessor.java:103)
	at java.base/java.lang.reflect.Method.invoke(Method.java:580)
	at org.junit.platform.commons.util.ReflectionUtils.invokeMethod(ReflectionUtils.java:775)
	at org.junit.platform.commons.support.ReflectionSupport.invokeMethod(ReflectionSupport.java:479)
	at org.junit.jupiter.engine.execution.MethodInvocation.proceed(MethodInvocation.java:60)
	at org.junit.jupiter.engine.execution.InvocationInterceptorChain$ValidatingInvocation.proceed(InvocationInterceptorChain.java:131)
	at org.junit.jupiter.engine.extension.TimeoutExtension.intercept(TimeoutExtension.java:161)
	at org.junit.jupiter.engine.extension.TimeoutExtension.interceptTestableMethod(TimeoutExtension.java:152)
	at org.junit.jupiter.engine.extension.TimeoutExtension.interceptTestMethod(TimeoutExtension.java:91)
	at org.junit.jupiter.engine.execution.InterceptingExecutableInvoker$ReflectiveInterceptorCall.lambda$ofVoidMethod$0(InterceptingExecutableInvoker.java:112)
	at org.junit.jupiter.engine.execution.InterceptingExecutableInvoker.lambda$invoke$0(InterceptingExecutableInvoker.java:94)
	at org.junit.jupiter.engine.execution.InvocationInterceptorChain$InterceptedInvocation.proceed(InvocationInterceptorChain.java:106)
	at org.junit.jupiter.engine.execution.InvocationInterceptorChain.proceed(InvocationInterceptorChain.java:64)
	at org.junit.jupiter.engine.execution.InvocationInterceptorChain.chainAndInvoke(InvocationInterceptorChain.java:45)
	at org.junit.jupiter.engine.execution.InvocationInterceptorChain.invoke(InvocationInterceptorChain.java:37)
	at org.junit.jupiter.engine.execution.InterceptingExecutableInvoker.invoke(InterceptingExecutableInvoker.java:93)
	at org.junit.jupiter.engine.execution.InterceptingExecutableInvoker.invoke(InterceptingExecutableInvoker.java:87)
	at org.junit.jupiter.engine.descriptor.TestMethodTestDescriptor.lambda$invokeTestMethod$7(TestMethodTestDescriptor.java:216)
	at org.junit.platform.engine.support.hierarchical.ThrowableCollector.execute(ThrowableCollector.java:73)
	at org.junit.jupiter.engine.descriptor.TestMethodTestDescriptor.invokeTestMethod(TestMethodTestDescriptor.java:212)
	at org.junit.jupiter.engine.descriptor.TestMethodTestDescriptor.execute(TestMethodTestDescriptor.java:137)
	at org.junit.jupiter.engine.descriptor.TestMethodTestDescriptor.execute(TestMethodTestDescriptor.java:69)
	at org.junit.platform.engine.support.hierarchical.NodeTestTask.lambda$executeRecursively$6(NodeTestTask.java:156)
	at org.junit.platform.engine.support.hierarchical.ThrowableCollector.execute(ThrowableCollector.java:73)
	at org.junit.platform.engine.support.hierarchical.NodeTestTask.lambda$executeRecursively$8(NodeTestTask.java:146)
	at org.junit.platform.engine.support.hierarchical.Node.around(Node.java:137)
	at org.junit.platform.engine.support.hierarchical.NodeTestTask.lambda$executeRecursively$9(NodeTestTask.java:144)
	at org.junit.platform.engine.support.hierarchical.ThrowableCollector.execute(ThrowableCollector.java:73)
	at org.junit.platform.engine.support.hierarchical.NodeTestTask.executeRecursively(NodeTestTask.java:143)
	at org.junit.platform.engine.support.hierarchical.NodeTestTask.execute(NodeTestTask.java:100)
	at java.base/java.util.ArrayList.forEach(ArrayList.java:1596)
	at org.junit.platform.engine.support.hierarchical.SameThreadHierarchicalTestExecutorService.invokeAll(SameThreadHierarchicalTestExecutorService.java:41)
	at org.junit.platform.engine.support.hierarchical.NodeTestTask.lambda$executeRecursively$6(NodeTestTask.java:160)
	at org.junit.platform.engine.support.hierarchical.ThrowableCollector.execute(ThrowableCollector.java:73)
	at org.junit.platform.engine.support.hierarchical.NodeTestTask.lambda$executeRecursively$8(NodeTestTask.java:146)
	at org.junit.platform.engine.support.hierarchical.Node.around(Node.java:137)
	at org.junit.platform.engine.support.hierarchical.NodeTestTask.lambda$executeRecursively$9(NodeTestTask.java:144)
	at org.junit.platform.engine.support.hierarchical.ThrowableCollector.execute(ThrowableCollector.java:73)
	at org.junit.platform.engine.support.hierarchical.NodeTestTask.executeRecursively(NodeTestTask.java:143)
	at org.junit.platform.engine.support.hierarchical.NodeTestTask.execute(NodeTestTask.java:100)
	at java.base/java.util.ArrayList.forEach(ArrayList.java:1596)
	at org.junit.platform.engine.support.hierarchical.SameThreadHierarchicalTestExecutorService.invokeAll(SameThreadHierarchicalTestExecutorService.java:41)
	at org.junit.platform.engine.support.hierarchical.NodeTestTask.lambda$executeRecursively$6(NodeTestTask.java:160)
	at org.junit.platform.engine.support.hierarchical.ThrowableCollector.execute(ThrowableCollector.java:73)
	at org.junit.platform.engine.support.hierarchical.NodeTestTask.lambda$executeRecursively$8(NodeTestTask.java:146)
	at org.junit.platform.engine.support.hierarchical.Node.around(Node.java:137)
	at org.junit.platform.engine.support.hierarchical.NodeTestTask.lambda$executeRecursively$9(NodeTestTask.java:144)
	at org.junit.platform.engine.support.hierarchical.ThrowableCollector.execute(ThrowableCollector.java:73)
	at org.junit.platform.engine.support.hierarchical.NodeTestTask.executeRecursively(NodeTestTask.java:143)
	at org.junit.platform.engine.support.hierarchical.NodeTestTask.execute(NodeTestTask.java:100)
	at org.junit.platform.engine.support.hierarchical.SameThreadHierarchicalTestExecutorService.submit(SameThreadHierarchicalTestExecutorService.java:35)
	at org.junit.platform.engine.support.hierarchical.HierarchicalTestExecutor.execute(HierarchicalTestExecutor.java:57)
	at org.junit.platform.engine.support.hierarchical.HierarchicalTestEngine.execute(HierarchicalTestEngine.java:54)
	at org.junit.platform.launcher.core.EngineExecutionOrchestrator.execute(EngineExecutionOrchestrator.java:201)
	at org.junit.platform.launcher.core.EngineExecutionOrchestrator.execute(EngineExecutionOrchestrator.java:170)
	at org.junit.platform.launcher.core.EngineExecutionOrchestrator.execute(EngineExecutionOrchestrator.java:94)
	at org.junit.platform.launcher.core.EngineExecutionOrchestrator.lambda$execute$0(EngineExecutionOrchestrator.java:59)
	at org.junit.platform.launcher.core.EngineExecutionOrchestrator.withInterceptedStreams(EngineExecutionOrchestrator.java:142)
	at org.junit.platform.launcher.core.EngineExecutionOrchestrator.execute(EngineExecutionOrchestrator.java:58)
	at org.junit.platform.launcher.core.DefaultLauncher.execute(DefaultLauncher.java:103)
	at org.junit.platform.launcher.core.DefaultLauncher.execute(DefaultLauncher.java:85)
	at org.junit.platform.launcher.core.DelegatingLauncher.execute(DelegatingLauncher.java:47)
	at org.junit.platform.launcher.core.InterceptingLauncher.lambda$execute$1(InterceptingLauncher.java:39)
	at org.junit.platform.launcher.core.ClasspathAlignmentCheckingLauncherInterceptor.intercept(ClasspathAlignmentCheckingLauncherInterceptor.java:25)
	at org.junit.platform.launcher.core.InterceptingLauncher.execute(InterceptingLauncher.java:38)
	at org.junit.platform.launcher.core.DelegatingLauncher.execute(DelegatingLauncher.java:47)
	at org.gradle.api.internal.tasks.testing.junitplatform.JUnitPlatformTestClassProcessor$CollectAllTestClassesExecutor.processAllTestClasses(JUnitPlatformTestClassProcessor.java:124)
	at org.gradle.api.internal.tasks.testing.junitplatform.JUnitPlatformTestClassProcessor$CollectAllTestClassesExecutor.access$000(JUnitPlatformTestClassProcessor.java:99)
	at org.gradle.api.internal.tasks.testing.junitplatform.JUnitPlatformTestClassProcessor.stop(JUnitPlatformTestClassProcessor.java:94)
	at org.gradle.api.internal.tasks.testing.SuiteTestClassProcessor.stop(SuiteTestClassProcessor.java:63)
	at java.base/jdk.internal.reflect.DirectMethodHandleAccessor.invoke(DirectMethodHandleAccessor.java:103)
	at java.base/java.lang.reflect.Method.invoke(Method.java:580)
	at org.gradle.internal.dispatch.ReflectionDispatch.dispatch(ReflectionDispatch.java:36)
	at org.gradle.internal.dispatch.ReflectionDispatch.dispatch(ReflectionDispatch.java:24)
	at org.gradle.internal.dispatch.ContextClassLoaderDispatch.dispatch(ContextClassLoaderDispatch.java:33)
	at org.gradle.internal.dispatch.ProxyDispatchAdapter$DispatchingInvocationHandler.invoke(ProxyDispatchAdapter.java:92)
	at jdk.proxy2/jdk.proxy2.$Proxy6.stop(Unknown Source)
	at org.gradle.api.internal.tasks.testing.worker.TestWorker$3.run(TestWorker.java:200)
	at org.gradle.api.internal.tasks.testing.worker.TestWorker.executeAndMaintainThreadName(TestWorker.java:132)
	at org.gradle.api.internal.tasks.testing.worker.TestWorker.execute(TestWorker.java:103)
	at org.gradle.api.internal.tasks.testing.worker.TestWorker.execute(TestWorker.java:63)
	at org.gradle.process.internal.worker.child.ActionExecutionWorker.execute(ActionExecutionWorker.java:56)
	at org.gradle.process.internal.worker.child.SystemApplicationClassLoaderWorker.call(SystemApplicationClassLoaderWorker.java:121)
	at org.gradle.process.internal.worker.child.SystemApplicationClassLoaderWorker.call(SystemApplicationClassLoaderWorker.java:71)
	at worker.org.gradle.process.internal.worker.GradleWorkerMain.run(GradleWorkerMain.java:69)
	at worker.org.gradle.process.internal.worker.GradleWorkerMain.main(GradleWorkerMain.java:74)
12:03:07.462 [Test worker] INFO com.project.ds_helper.domain.welfare.service.WelfareSyncService -- WelfareSyncService.fetchAndSaveWelfareDetailByServiceId started. serviceId=NULL_DETAIL
12:03:07.463 [Test worker] WARN com.project.ds_helper.domain.welfare.service.WelfareSyncService -- WelfareSyncService.fetchAndSaveWelfareDetailByServiceId empty response. serviceId=NULL_DETAIL
12:03:07.488 [Test worker] INFO com.project.ds_helper.domain.welfare.service.WelfareSyncService -- WelfareSyncService.syncWelfareData started. cityProvinceName=null, districtName=null, markDiscontinued=true
12:03:07.490 [Test worker] ERROR com.project.ds_helper.domain.welfare.service.WelfareSyncService -- WelfareSyncService.syncWelfareData item failed. serviceId=null, reason=Cannot invoke "com.project.ds_helper.domain.welfare.dto.external.WelfareApiItem.getServiceId()" because "item" is null
java.lang.NullPointerException: Cannot invoke "com.project.ds_helper.domain.welfare.dto.external.WelfareApiItem.getServiceId()" because "item" is null
	at com.project.ds_helper.domain.welfare.service.WelfareSyncService.syncWelfareData(WelfareSyncService.java:84)
	at com.project.ds_helper.domain.welfare.service.WelfareSyncService.syncAllWelfareData(WelfareSyncService.java:46)
	at com.project.ds_helper.domain.welfare.service.WelfareSyncServiceTest.syncAllWelfareData_countsFailureWhenItemIsNull(WelfareSyncServiceTest.java:293)
	at java.base/jdk.internal.reflect.DirectMethodHandleAccessor.invoke(DirectMethodHandleAccessor.java:103)
	at java.base/java.lang.reflect.Method.invoke(Method.java:580)
	at org.junit.platform.commons.util.ReflectionUtils.invokeMethod(ReflectionUtils.java:775)
	at org.junit.platform.commons.support.ReflectionSupport.invokeMethod(ReflectionSupport.java:479)
	at org.junit.jupiter.engine.execution.MethodInvocation.proceed(MethodInvocation.java:60)
	at org.junit.jupiter.engine.execution.InvocationInterceptorChain$ValidatingInvocation.proceed(InvocationInterceptorChain.java:131)
	at org.junit.jupiter.engine.extension.TimeoutExtension.intercept(TimeoutExtension.java:161)
	at org.junit.jupiter.engine.extension.TimeoutExtension.interceptTestableMethod(TimeoutExtension.java:152)
	at org.junit.jupiter.engine.extension.TimeoutExtension.interceptTestMethod(TimeoutExtension.java:91)
	at org.junit.jupiter.engine.execution.InterceptingExecutableInvoker$ReflectiveInterceptorCall.lambda$ofVoidMethod$0(InterceptingExecutableInvoker.java:112)
	at org.junit.jupiter.engine.execution.InterceptingExecutableInvoker.lambda$invoke$0(InterceptingExecutableInvoker.java:94)
	at org.junit.jupiter.engine.execution.InvocationInterceptorChain$InterceptedInvocation.proceed(InvocationInterceptorChain.java:106)
	at org.junit.jupiter.engine.execution.InvocationInterceptorChain.proceed(InvocationInterceptorChain.java:64)
	at org.junit.jupiter.engine.execution.InvocationInterceptorChain.chainAndInvoke(InvocationInterceptorChain.java:45)
	at org.junit.jupiter.engine.execution.InvocationInterceptorChain.invoke(InvocationInterceptorChain.java:37)
	at org.junit.jupiter.engine.execution.InterceptingExecutableInvoker.invoke(InterceptingExecutableInvoker.java:93)
	at org.junit.jupiter.engine.execution.InterceptingExecutableInvoker.invoke(InterceptingExecutableInvoker.java:87)
	at org.junit.jupiter.engine.descriptor.TestMethodTestDescriptor.lambda$invokeTestMethod$7(TestMethodTestDescriptor.java:216)
	at org.junit.platform.engine.support.hierarchical.ThrowableCollector.execute(ThrowableCollector.java:73)
	at org.junit.jupiter.engine.descriptor.TestMethodTestDescriptor.invokeTestMethod(TestMethodTestDescriptor.java:212)
	at org.junit.jupiter.engine.descriptor.TestMethodTestDescriptor.execute(TestMethodTestDescriptor.java:137)
	at org.junit.jupiter.engine.descriptor.TestMethodTestDescriptor.execute(TestMethodTestDescriptor.java:69)
	at org.junit.platform.engine.support.hierarchical.NodeTestTask.lambda$executeRecursively$6(NodeTestTask.java:156)
	at org.junit.platform.engine.support.hierarchical.ThrowableCollector.execute(ThrowableCollector.java:73)
	at org.junit.platform.engine.support.hierarchical.NodeTestTask.lambda$executeRecursively$8(NodeTestTask.java:146)
	at org.junit.platform.engine.support.hierarchical.Node.around(Node.java:137)
	at org.junit.platform.engine.support.hierarchical.NodeTestTask.lambda$executeRecursively$9(NodeTestTask.java:144)
	at org.junit.platform.engine.support.hierarchical.ThrowableCollector.execute(ThrowableCollector.java:73)
	at org.junit.platform.engine.support.hierarchical.NodeTestTask.executeRecursively(NodeTestTask.java:143)
	at org.junit.platform.engine.support.hierarchical.NodeTestTask.execute(NodeTestTask.java:100)
	at java.base/java.util.ArrayList.forEach(ArrayList.java:1596)
	at org.junit.platform.engine.support.hierarchical.SameThreadHierarchicalTestExecutorService.invokeAll(SameThreadHierarchicalTestExecutorService.java:41)
	at org.junit.platform.engine.support.hierarchical.NodeTestTask.lambda$executeRecursively$6(NodeTestTask.java:160)
	at org.junit.platform.engine.support.hierarchical.ThrowableCollector.execute(ThrowableCollector.java:73)
	at org.junit.platform.engine.support.hierarchical.NodeTestTask.lambda$executeRecursively$8(NodeTestTask.java:146)
	at org.junit.platform.engine.support.hierarchical.Node.around(Node.java:137)
	at org.junit.platform.engine.support.hierarchical.NodeTestTask.lambda$executeRecursively$9(NodeTestTask.java:144)
	at org.junit.platform.engine.support.hierarchical.ThrowableCollector.execute(ThrowableCollector.java:73)
	at org.junit.platform.engine.support.hierarchical.NodeTestTask.executeRecursively(NodeTestTask.java:143)
	at org.junit.platform.engine.support.hierarchical.NodeTestTask.execute(NodeTestTask.java:100)
	at java.base/java.util.ArrayList.forEach(ArrayList.java:1596)
	at org.junit.platform.engine.support.hierarchical.SameThreadHierarchicalTestExecutorService.invokeAll(SameThreadHierarchicalTestExecutorService.java:41)
	at org.junit.platform.engine.support.hierarchical.NodeTestTask.lambda$executeRecursively$6(NodeTestTask.java:160)
	at org.junit.platform.engine.support.hierarchical.ThrowableCollector.execute(ThrowableCollector.java:73)
	at org.junit.platform.engine.support.hierarchical.NodeTestTask.lambda$executeRecursively$8(NodeTestTask.java:146)
	at org.junit.platform.engine.support.hierarchical.Node.around(Node.java:137)
	at org.junit.platform.engine.support.hierarchical.NodeTestTask.lambda$executeRecursively$9(NodeTestTask.java:144)
	at org.junit.platform.engine.support.hierarchical.ThrowableCollector.execute(ThrowableCollector.java:73)
	at org.junit.platform.engine.support.hierarchical.NodeTestTask.executeRecursively(NodeTestTask.java:143)
	at org.junit.platform.engine.support.hierarchical.NodeTestTask.execute(NodeTestTask.java:100)
	at org.junit.platform.engine.support.hierarchical.SameThreadHierarchicalTestExecutorService.submit(SameThreadHierarchicalTestExecutorService.java:35)
	at org.junit.platform.engine.support.hierarchical.HierarchicalTestExecutor.execute(HierarchicalTestExecutor.java:57)
	at org.junit.platform.engine.support.hierarchical.HierarchicalTestEngine.execute(HierarchicalTestEngine.java:54)
	at org.junit.platform.launcher.core.EngineExecutionOrchestrator.execute(EngineExecutionOrchestrator.java:201)
	at org.junit.platform.launcher.core.EngineExecutionOrchestrator.execute(EngineExecutionOrchestrator.java:170)
	at org.junit.platform.launcher.core.EngineExecutionOrchestrator.execute(EngineExecutionOrchestrator.java:94)
	at org.junit.platform.launcher.core.EngineExecutionOrchestrator.lambda$execute$0(EngineExecutionOrchestrator.java:59)
	at org.junit.platform.launcher.core.EngineExecutionOrchestrator.withInterceptedStreams(EngineExecutionOrchestrator.java:142)
	at org.junit.platform.launcher.core.EngineExecutionOrchestrator.execute(EngineExecutionOrchestrator.java:58)
	at org.junit.platform.launcher.core.DefaultLauncher.execute(DefaultLauncher.java:103)
	at org.junit.platform.launcher.core.DefaultLauncher.execute(DefaultLauncher.java:85)
	at org.junit.platform.launcher.core.DelegatingLauncher.execute(DelegatingLauncher.java:47)
	at org.junit.platform.launcher.core.InterceptingLauncher.lambda$execute$1(InterceptingLauncher.java:39)
	at org.junit.platform.launcher.core.ClasspathAlignmentCheckingLauncherInterceptor.intercept(ClasspathAlignmentCheckingLauncherInterceptor.java:25)
	at org.junit.platform.launcher.core.InterceptingLauncher.execute(InterceptingLauncher.java:38)
	at org.junit.platform.launcher.core.DelegatingLauncher.execute(DelegatingLauncher.java:47)
	at org.gradle.api.internal.tasks.testing.junitplatform.JUnitPlatformTestClassProcessor$CollectAllTestClassesExecutor.processAllTestClasses(JUnitPlatformTestClassProcessor.java:124)
	at org.gradle.api.internal.tasks.testing.junitplatform.JUnitPlatformTestClassProcessor$CollectAllTestClassesExecutor.access$000(JUnitPlatformTestClassProcessor.java:99)
	at org.gradle.api.internal.tasks.testing.junitplatform.JUnitPlatformTestClassProcessor.stop(JUnitPlatformTestClassProcessor.java:94)
	at org.gradle.api.internal.tasks.testing.SuiteTestClassProcessor.stop(SuiteTestClassProcessor.java:63)
	at java.base/jdk.internal.reflect.DirectMethodHandleAccessor.invoke(DirectMethodHandleAccessor.java:103)
	at java.base/java.lang.reflect.Method.invoke(Method.java:580)
	at org.gradle.internal.dispatch.ReflectionDispatch.dispatch(ReflectionDispatch.java:36)
	at org.gradle.internal.dispatch.ReflectionDispatch.dispatch(ReflectionDispatch.java:24)
	at org.gradle.internal.dispatch.ContextClassLoaderDispatch.dispatch(ContextClassLoaderDispatch.java:33)
	at org.gradle.internal.dispatch.ProxyDispatchAdapter$DispatchingInvocationHandler.invoke(ProxyDispatchAdapter.java:92)
	at jdk.proxy2/jdk.proxy2.$Proxy6.stop(Unknown Source)
	at org.gradle.api.internal.tasks.testing.worker.TestWorker$3.run(TestWorker.java:200)
	at org.gradle.api.internal.tasks.testing.worker.TestWorker.executeAndMaintainThreadName(TestWorker.java:132)
	at org.gradle.api.internal.tasks.testing.worker.TestWorker.execute(TestWorker.java:103)
	at org.gradle.api.internal.tasks.testing.worker.TestWorker.execute(TestWorker.java:63)
	at org.gradle.process.internal.worker.child.ActionExecutionWorker.execute(ActionExecutionWorker.java:56)
	at org.gradle.process.internal.worker.child.SystemApplicationClassLoaderWorker.call(SystemApplicationClassLoaderWorker.java:121)
	at org.gradle.process.internal.worker.child.SystemApplicationClassLoaderWorker.call(SystemApplicationClassLoaderWorker.java:71)
	at worker.org.gradle.process.internal.worker.GradleWorkerMain.run(GradleWorkerMain.java:69)
	at worker.org.gradle.process.internal.worker.GradleWorkerMain.main(GradleWorkerMain.java:74)
12:03:07.491 [Test worker] INFO com.project.ds_helper.domain.welfare.service.WelfareSyncService -- WelfareSyncService.markDiscontinuedServices completed. activeCount=0, discontinuedCount=0
12:03:07.494 [Test worker] INFO com.project.ds_helper.domain.welfare.service.WelfareSyncService -- WelfareSyncService.syncWelfareData completed. total=1, success=0, failure=1, discontinued=0, detailFailure=0
12:03:07.537 [Test worker] INFO com.project.ds_helper.domain.welfare.service.WelfareSyncService -- WelfareSyncService.syncWelfareData started. cityProvinceName=null, districtName=null, markDiscontinued=true
12:03:07.548 [Test worker] INFO com.project.ds_helper.domain.welfare.service.WelfareSyncService -- WelfareSyncService.markDiscontinuedServices completed. activeCount=0, discontinuedCount=0
12:03:07.549 [Test worker] INFO com.project.ds_helper.domain.welfare.service.WelfareSyncService -- WelfareSyncService.syncWelfareData completed. total=1, success=1, failure=0, discontinued=0, detailFailure=0
12:03:07.572 [Test worker] INFO com.project.ds_helper.domain.welfare.service.WelfareSyncService -- WelfareSyncService.syncWelfareData started. cityProvinceName=서울특별시, districtName=강남구, markDiscontinued=false
12:03:07.573 [Test worker] INFO com.project.ds_helper.domain.welfare.service.WelfareSyncService -- WelfareSyncService.syncWelfareData completed. total=0, success=0, failure=0, discontinued=0, detailFailure=0
12:03:07.598 [Test worker] INFO com.project.ds_helper.domain.welfare.service.WelfareSyncService -- WelfareSyncService.syncWelfareData started. cityProvinceName=null, districtName=null, markDiscontinued=true
12:03:07.602 [Test worker] INFO com.project.ds_helper.domain.welfare.service.WelfareSyncService -- WelfareSyncService.markDiscontinuedServices completed. activeCount=1, discontinuedCount=1
12:03:07.602 [Test worker] INFO com.project.ds_helper.domain.welfare.service.WelfareSyncService -- WelfareSyncService.syncWelfareData completed. total=1, success=1, failure=0, discontinued=1, detailFailure=0
12:03:07.622 [Test worker] INFO com.project.ds_helper.domain.welfare.service.WelfareSyncService -- WelfareSyncService.fetchAndSaveWelfareDetailByServiceId started. serviceId=MISSING_ID
12:03:07.623 [Test worker] WARN com.project.ds_helper.domain.welfare.service.WelfareSyncService -- WelfareSyncService.fetchAndSaveWelfareDetailByServiceId invalid response. requestedServiceId=MISSING_ID, resolvedServiceId=null, serviceName=서비스명
12:03:07.645 [Test worker] INFO com.project.ds_helper.domain.welfare.service.WelfareSyncService -- WelfareSyncService.syncWelfareData started. cityProvinceName=null, districtName=null, markDiscontinued=true
12:03:07.647 [Test worker] WARN com.project.ds_helper.domain.welfare.service.WelfareSyncService -- WelfareSyncService.fetchDetailSyncPayload failed. serviceId=BROKEN_DETAIL, reason=Unexpected character ('b' (code 98)): was expecting double-quote to start field name
 at [Source: REDACTED (`StreamReadFeature.INCLUDE_SOURCE_IN_LOCATION` disabled); line: 1, column: 2]
12:03:07.648 [Test worker] INFO com.project.ds_helper.domain.welfare.service.WelfareSyncService -- WelfareSyncService.markDiscontinuedServices completed. activeCount=0, discontinuedCount=0
12:03:07.649 [Test worker] INFO com.project.ds_helper.domain.welfare.service.WelfareSyncService -- WelfareSyncService.syncWelfareData completed. total=1, success=1, failure=0, discontinued=0, detailFailure=1
12:03:07.672 [Test worker] INFO com.project.ds_helper.domain.welfare.service.WelfareSyncService -- WelfareSyncService.syncWelfareData started. cityProvinceName=null, districtName=null, markDiscontinued=true
12:03:07.675 [Test worker] ERROR com.project.ds_helper.domain.welfare.service.WelfareSyncService -- WelfareSyncService.syncWelfareData item failed. serviceId=serv-err, reason=DB Error
java.lang.RuntimeException: DB Error
	at com.project.ds_helper.domain.welfare.service.WelfareSyncService.lambda$upsertWelfareService$1(WelfareSyncService.java:181)
	at com.project.ds_helper.domain.welfare.service.WelfareSyncServiceTest.lambda$setUp$0(WelfareSyncServiceTest.java:74)
	at org.springframework.transaction.support.TransactionOperations.executeWithoutResult(TransactionOperations.java:67)
	at com.project.ds_helper.domain.welfare.service.WelfareSyncService.upsertWelfareService(WelfareSyncService.java:149)
	at com.project.ds_helper.domain.welfare.service.WelfareSyncService.syncWelfareData(WelfareSyncService.java:86)
	at com.project.ds_helper.domain.welfare.service.WelfareSyncService.syncAllWelfareData(WelfareSyncService.java:46)
	at com.project.ds_helper.domain.welfare.service.WelfareSyncService.syncChangwonWelfareData(WelfareSyncService.java:50)
	at com.project.ds_helper.domain.welfare.service.WelfareSyncServiceTest.syncChangwonWelfareData_HandlesErrorAndSendsReport(WelfareSyncServiceTest.java:237)
	at java.base/jdk.internal.reflect.DirectMethodHandleAccessor.invoke(DirectMethodHandleAccessor.java:103)
	at java.base/java.lang.reflect.Method.invoke(Method.java:580)
	at org.junit.platform.commons.util.ReflectionUtils.invokeMethod(ReflectionUtils.java:775)
	at org.junit.platform.commons.support.ReflectionSupport.invokeMethod(ReflectionSupport.java:479)
	at org.junit.jupiter.engine.execution.MethodInvocation.proceed(MethodInvocation.java:60)
	at org.junit.jupiter.engine.execution.InvocationInterceptorChain$ValidatingInvocation.proceed(InvocationInterceptorChain.java:131)
	at org.junit.jupiter.engine.extension.TimeoutExtension.intercept(TimeoutExtension.java:161)
	at org.junit.jupiter.engine.extension.TimeoutExtension.interceptTestableMethod(TimeoutExtension.java:152)
	at org.junit.jupiter.engine.extension.TimeoutExtension.interceptTestMethod(TimeoutExtension.java:91)
	at org.junit.jupiter.engine.execution.InterceptingExecutableInvoker$ReflectiveInterceptorCall.lambda$ofVoidMethod$0(InterceptingExecutableInvoker.java:112)
	at org.junit.jupiter.engine.execution.InterceptingExecutableInvoker.lambda$invoke$0(InterceptingExecutableInvoker.java:94)
	at org.junit.jupiter.engine.execution.InvocationInterceptorChain$InterceptedInvocation.proceed(InvocationInterceptorChain.java:106)
	at org.junit.jupiter.engine.execution.InvocationInterceptorChain.proceed(InvocationInterceptorChain.java:64)
	at org.junit.jupiter.engine.execution.InvocationInterceptorChain.chainAndInvoke(InvocationInterceptorChain.java:45)
	at org.junit.jupiter.engine.execution.InvocationInterceptorChain.invoke(InvocationInterceptorChain.java:37)
	at org.junit.jupiter.engine.execution.InterceptingExecutableInvoker.invoke(InterceptingExecutableInvoker.java:93)
	at org.junit.jupiter.engine.execution.InterceptingExecutableInvoker.invoke(InterceptingExecutableInvoker.java:87)
	at org.junit.jupiter.engine.descriptor.TestMethodTestDescriptor.lambda$invokeTestMethod$7(TestMethodTestDescriptor.java:216)
	at org.junit.platform.engine.support.hierarchical.ThrowableCollector.execute(ThrowableCollector.java:73)
	at org.junit.jupiter.engine.descriptor.TestMethodTestDescriptor.invokeTestMethod(TestMethodTestDescriptor.java:212)
	at org.junit.jupiter.engine.descriptor.TestMethodTestDescriptor.execute(TestMethodTestDescriptor.java:137)
	at org.junit.jupiter.engine.descriptor.TestMethodTestDescriptor.execute(TestMethodTestDescriptor.java:69)
	at org.junit.platform.engine.support.hierarchical.NodeTestTask.lambda$executeRecursively$6(NodeTestTask.java:156)
	at org.junit.platform.engine.support.hierarchical.ThrowableCollector.execute(ThrowableCollector.java:73)
	at org.junit.platform.engine.support.hierarchical.NodeTestTask.lambda$executeRecursively$8(NodeTestTask.java:146)
	at org.junit.platform.engine.support.hierarchical.Node.around(Node.java:137)
	at org.junit.platform.engine.support.hierarchical.NodeTestTask.lambda$executeRecursively$9(NodeTestTask.java:144)
	at org.junit.platform.engine.support.hierarchical.ThrowableCollector.execute(ThrowableCollector.java:73)
	at org.junit.platform.engine.support.hierarchical.NodeTestTask.executeRecursively(NodeTestTask.java:143)
	at org.junit.platform.engine.support.hierarchical.NodeTestTask.execute(NodeTestTask.java:100)
	at java.base/java.util.ArrayList.forEach(ArrayList.java:1596)
	at org.junit.platform.engine.support.hierarchical.SameThreadHierarchicalTestExecutorService.invokeAll(SameThreadHierarchicalTestExecutorService.java:41)
	at org.junit.platform.engine.support.hierarchical.NodeTestTask.lambda$executeRecursively$6(NodeTestTask.java:160)
	at org.junit.platform.engine.support.hierarchical.ThrowableCollector.execute(ThrowableCollector.java:73)
	at org.junit.platform.engine.support.hierarchical.NodeTestTask.lambda$executeRecursively$8(NodeTestTask.java:146)
	at org.junit.platform.engine.support.hierarchical.Node.around(Node.java:137)
	at org.junit.platform.engine.support.hierarchical.NodeTestTask.lambda$executeRecursively$9(NodeTestTask.java:144)
	at org.junit.platform.engine.support.hierarchical.ThrowableCollector.execute(ThrowableCollector.java:73)
	at org.junit.platform.engine.support.hierarchical.NodeTestTask.executeRecursively(NodeTestTask.java:143)
	at org.junit.platform.engine.support.hierarchical.NodeTestTask.execute(NodeTestTask.java:100)
	at java.base/java.util.ArrayList.forEach(ArrayList.java:1596)
	at org.junit.platform.engine.support.hierarchical.SameThreadHierarchicalTestExecutorService.invokeAll(SameThreadHierarchicalTestExecutorService.java:41)
	at org.junit.platform.engine.support.hierarchical.NodeTestTask.lambda$executeRecursively$6(NodeTestTask.java:160)
	at org.junit.platform.engine.support.hierarchical.ThrowableCollector.execute(ThrowableCollector.java:73)
	at org.junit.platform.engine.support.hierarchical.NodeTestTask.lambda$executeRecursively$8(NodeTestTask.java:146)
	at org.junit.platform.engine.support.hierarchical.Node.around(Node.java:137)
	at org.junit.platform.engine.support.hierarchical.NodeTestTask.lambda$executeRecursively$9(NodeTestTask.java:144)
	at org.junit.platform.engine.support.hierarchical.ThrowableCollector.execute(ThrowableCollector.java:73)
	at org.junit.platform.engine.support.hierarchical.NodeTestTask.executeRecursively(NodeTestTask.java:143)
	at org.junit.platform.engine.support.hierarchical.NodeTestTask.execute(NodeTestTask.java:100)
	at org.junit.platform.engine.support.hierarchical.SameThreadHierarchicalTestExecutorService.submit(SameThreadHierarchicalTestExecutorService.java:35)
	at org.junit.platform.engine.support.hierarchical.HierarchicalTestExecutor.execute(HierarchicalTestExecutor.java:57)
	at org.junit.platform.engine.support.hierarchical.HierarchicalTestEngine.execute(HierarchicalTestEngine.java:54)
	at org.junit.platform.launcher.core.EngineExecutionOrchestrator.execute(EngineExecutionOrchestrator.java:201)
	at org.junit.platform.launcher.core.EngineExecutionOrchestrator.execute(EngineExecutionOrchestrator.java:170)
	at org.junit.platform.launcher.core.EngineExecutionOrchestrator.execute(EngineExecutionOrchestrator.java:94)
	at org.junit.platform.launcher.core.EngineExecutionOrchestrator.lambda$execute$0(EngineExecutionOrchestrator.java:59)
	at org.junit.platform.launcher.core.EngineExecutionOrchestrator.withInterceptedStreams(EngineExecutionOrchestrator.java:142)
	at org.junit.platform.launcher.core.EngineExecutionOrchestrator.execute(EngineExecutionOrchestrator.java:58)
	at org.junit.platform.launcher.core.DefaultLauncher.execute(DefaultLauncher.java:103)
	at org.junit.platform.launcher.core.DefaultLauncher.execute(DefaultLauncher.java:85)
	at org.junit.platform.launcher.core.DelegatingLauncher.execute(DelegatingLauncher.java:47)
	at org.junit.platform.launcher.core.InterceptingLauncher.lambda$execute$1(InterceptingLauncher.java:39)
	at org.junit.platform.launcher.core.ClasspathAlignmentCheckingLauncherInterceptor.intercept(ClasspathAlignmentCheckingLauncherInterceptor.java:25)
	at org.junit.platform.launcher.core.InterceptingLauncher.execute(InterceptingLauncher.java:38)
	at org.junit.platform.launcher.core.DelegatingLauncher.execute(DelegatingLauncher.java:47)
	at org.gradle.api.internal.tasks.testing.junitplatform.JUnitPlatformTestClassProcessor$CollectAllTestClassesExecutor.processAllTestClasses(JUnitPlatformTestClassProcessor.java:124)
	at org.gradle.api.internal.tasks.testing.junitplatform.JUnitPlatformTestClassProcessor$CollectAllTestClassesExecutor.access$000(JUnitPlatformTestClassProcessor.java:99)
	at org.gradle.api.internal.tasks.testing.junitplatform.JUnitPlatformTestClassProcessor.stop(JUnitPlatformTestClassProcessor.java:94)
	at org.gradle.api.internal.tasks.testing.SuiteTestClassProcessor.stop(SuiteTestClassProcessor.java:63)
	at java.base/jdk.internal.reflect.DirectMethodHandleAccessor.invoke(DirectMethodHandleAccessor.java:103)
	at java.base/java.lang.reflect.Method.invoke(Method.java:580)
	at org.gradle.internal.dispatch.ReflectionDispatch.dispatch(ReflectionDispatch.java:36)
	at org.gradle.internal.dispatch.ReflectionDispatch.dispatch(ReflectionDispatch.java:24)
	at org.gradle.internal.dispatch.ContextClassLoaderDispatch.dispatch(ContextClassLoaderDispatch.java:33)
	at org.gradle.internal.dispatch.ProxyDispatchAdapter$DispatchingInvocationHandler.invoke(ProxyDispatchAdapter.java:92)
	at jdk.proxy2/jdk.proxy2.$Proxy6.stop(Unknown Source)
	at org.gradle.api.internal.tasks.testing.worker.TestWorker$3.run(TestWorker.java:200)
	at org.gradle.api.internal.tasks.testing.worker.TestWorker.executeAndMaintainThreadName(TestWorker.java:132)
	at org.gradle.api.internal.tasks.testing.worker.TestWorker.execute(TestWorker.java:103)
	at org.gradle.api.internal.tasks.testing.worker.TestWorker.execute(TestWorker.java:63)
	at org.gradle.process.internal.worker.child.ActionExecutionWorker.execute(ActionExecutionWorker.java:56)
	at org.gradle.process.internal.worker.child.SystemApplicationClassLoaderWorker.call(SystemApplicationClassLoaderWorker.java:121)
	at org.gradle.process.internal.worker.child.SystemApplicationClassLoaderWorker.call(SystemApplicationClassLoaderWorker.java:71)
	at worker.org.gradle.process.internal.worker.GradleWorkerMain.run(GradleWorkerMain.java:69)
	at worker.org.gradle.process.internal.worker.GradleWorkerMain.main(GradleWorkerMain.java:74)
12:03:07.678 [Test worker] INFO com.project.ds_helper.domain.welfare.service.WelfareSyncService -- WelfareSyncService.markDiscontinuedServices completed. activeCount=0, discontinuedCount=0
12:03:07.679 [Test worker] INFO com.project.ds_helper.domain.welfare.service.WelfareSyncService -- WelfareSyncService.syncWelfareData completed. total=1, success=0, failure=1, discontinued=0, detailFailure=0
12:03:07.711 [Test worker] INFO com.project.ds_helper.domain.welfare.service.WelfareSyncService -- WelfareSyncService.fetchAndSaveWelfareDetailByServiceId started. serviceId=WLF00003495
12:03:07.749 [Test worker] INFO com.project.ds_helper.domain.welfare.service.WelfareSyncService -- WelfareSyncService.fetchAndSaveWelfareDetailByServiceId completed. serviceId=WLF00003495
12:03:07.775 [Test worker] INFO com.project.ds_helper.domain.welfare.service.WelfareSyncService -- WelfareSyncService.fetchAndSaveWelfareDetailByServiceId started. serviceId=BLANK_DETAIL
12:03:07.776 [Test worker] WARN com.project.ds_helper.domain.welfare.service.WelfareSyncService -- WelfareSyncService.fetchAndSaveWelfareDetailByServiceId empty response. serviceId=BLANK_DETAIL
12:03:07.798 [Test worker] INFO com.project.ds_helper.domain.welfare.service.WelfareSyncService -- WelfareSyncService.syncWelfareData started. cityProvinceName=null, districtName=null, markDiscontinued=true
12:03:07.807 [Test worker] INFO com.project.ds_helper.domain.welfare.service.WelfareSyncService -- WelfareSyncService.markDiscontinuedServices completed. activeCount=0, discontinuedCount=0
12:03:07.808 [Test worker] INFO com.project.ds_helper.domain.welfare.service.WelfareSyncService -- WelfareSyncService.syncWelfareData completed. total=1, success=1, failure=0, discontinued=0, detailFailure=0
12:03:07.831 [Test worker] WARN com.project.ds_helper.domain.welfare.service.WelfareSyncService -- WelfareSyncService.fetchDetailSyncPayload failed. serviceId=FAILED_AGAIN, reason=still failing
12:03:07.833 [Test worker] INFO com.project.ds_helper.domain.welfare.service.WelfareSyncService -- WelfareSyncService.retryFailedDetailSync completed. total=1, success=0, failure=1
12:03:07.863 [Test worker] INFO com.project.ds_helper.domain.welfare.service.WelfareSyncService -- WelfareSyncService.syncWelfareData started. cityProvinceName=null, districtName=null, markDiscontinued=true
12:03:07.863 [Test worker] INFO com.project.ds_helper.domain.welfare.service.WelfareSyncService -- WelfareSyncService.markDiscontinuedServices completed. activeCount=0, discontinuedCount=0
12:03:07.864 [Test worker] INFO com.project.ds_helper.domain.welfare.service.WelfareSyncService -- WelfareSyncService.syncWelfareData completed. total=0, success=0, failure=0, discontinued=0, detailFailure=0
12:03:07.889 [Test worker] INFO com.project.ds_helper.domain.welfare.service.WelfareSyncService -- WelfareSyncService.syncWelfareData started. cityProvinceName=null, districtName=null, markDiscontinued=true
12:03:07.892 [Test worker] INFO com.project.ds_helper.domain.welfare.service.WelfareSyncService -- WelfareSyncService.markDiscontinuedServices completed. activeCount=0, discontinuedCount=0
12:03:07.893 [Test worker] INFO com.project.ds_helper.domain.welfare.service.WelfareSyncService -- WelfareSyncService.syncWelfareData completed. total=1, success=1, failure=0, discontinued=0, detailFailure=0
12:03:07.941 [Test worker] INFO com.project.ds_helper.domain.welfare.service.WelfareSyncService -- WelfareSyncService.syncWelfareData started. cityProvinceName=null, districtName=null, markDiscontinued=true
12:03:07.947 [Test worker] INFO com.project.ds_helper.domain.welfare.service.WelfareSyncService -- WelfareSyncService.markDiscontinuedServices completed. activeCount=0, discontinuedCount=0
12:03:07.948 [Test worker] INFO com.project.ds_helper.domain.welfare.service.WelfareSyncService -- WelfareSyncService.syncWelfareData completed. total=1, success=1, failure=0, discontinued=0, detailFailure=0
12:03:07.974 [Test worker] INFO com.project.ds_helper.domain.welfare.service.WelfareSyncService -- WelfareSyncService.retryFailedDetailSync completed. total=1, success=1, failure=0
12:03:07.996 [Test worker] INFO com.project.ds_helper.domain.welfare.service.WelfareSyncService -- WelfareSyncService.syncWelfareData started. cityProvinceName=null, districtName=null, markDiscontinued=true
12:03:08.003 [Test worker] INFO com.project.ds_helper.domain.welfare.service.WelfareSyncService -- WelfareSyncService.markDiscontinuedServices completed. activeCount=0, discontinuedCount=0
12:03:08.003 [Test worker] INFO com.project.ds_helper.domain.welfare.service.WelfareSyncService -- WelfareSyncService.syncWelfareData completed. total=1, success=1, failure=0, discontinued=0, detailFailure=0
12:03:08.037 [Test worker] INFO com.project.ds_helper.domain.welfare.service.WelfareSyncService -- WelfareSyncService.syncWelfareData started. cityProvinceName=null, districtName=null, markDiscontinued=true
12:03:08.046 [Test worker] INFO com.project.ds_helper.domain.welfare.service.WelfareSyncService -- WelfareSyncService.markDiscontinuedServices completed. activeCount=0, discontinuedCount=0
12:03:08.047 [Test worker] INFO com.project.ds_helper.domain.welfare.service.WelfareSyncService -- WelfareSyncService.syncWelfareData completed. total=2, success=2, failure=0, discontinued=0, detailFailure=0
12:03:08.082 [Test worker] INFO com.project.ds_helper.domain.welfare.service.WelfareSyncService -- WelfareSyncService.syncWelfareData started. cityProvinceName=null, districtName=null, markDiscontinued=true
12:03:08.087 [Test worker] INFO com.project.ds_helper.domain.welfare.service.WelfareSyncService -- WelfareSyncService.markDiscontinuedServices completed. activeCount=0, discontinuedCount=0
12:03:08.089 [Test worker] INFO com.project.ds_helper.domain.welfare.service.WelfareSyncService -- WelfareSyncService.syncWelfareData completed. total=1, success=1, failure=0, discontinued=0, detailFailure=0
12:03:08.130 [Test worker] INFO com.project.ds_helper.domain.welfare.service.WelfareSyncService -- WelfareSyncService.syncWelfareData started. cityProvinceName=null, districtName=null, markDiscontinued=true
12:03:08.132 [Test worker] INFO com.project.ds_helper.domain.welfare.service.WelfareSyncService -- WelfareSyncService.markDiscontinuedServices completed. activeCount=1, discontinuedCount=0
12:03:08.133 [Test worker] INFO com.project.ds_helper.domain.welfare.service.WelfareSyncService -- WelfareSyncService.syncWelfareData completed. total=1, success=1, failure=0, discontinued=0, detailFailure=0
]]></system-out>
  <system-err><![CDATA[]]></system-err>
</testsuite>
