<?xml version="1.0" encoding="UTF-8"?>
<testsuite name="com.project.ds_helper.test.service.TestServiceTest" tests="7" skipped="0" failures="0" errors="0" timestamp="2026-05-10T11:39:18" hostname="아기" time="0.213">
  <properties/>
  <testcase name="테스트 사용자 정보 조회는 DTO를 반환한다" classname="com.project.ds_helper.test.service.TestServiceTest" time="0.149"/>
  <testcase name="임시 토큰 발급은 관리자 계정을 찾지 못하면 예외가 발생한다" classname="com.project.ds_helper.test.service.TestServiceTest" time="0.01"/>
  <testcase name="압축 바이너리 미리보기는 실제 WebP 업로드 DTO를 그대로 반환한다" classname="com.project.ds_helper.test.service.TestServiceTest" time="0.02"/>
  <testcase name="관리자 생성은 이미 존재하면 예외가 발생한다" classname="com.project.ds_helper.test.service.TestServiceTest" time="0.005"/>
  <testcase name="이미지 압축 미리보기는 원본과 압축 결과를 모두 data URL로 반환한다" classname="com.project.ds_helper.test.service.TestServiceTest" time="0.003"/>
  <testcase name="관리자 생성은 저장을 수행한다" classname="com.project.ds_helper.test.service.TestServiceTest" time="0.007"/>
  <testcase name="임시 토큰 발급은 JwtResponse를 반환한다" classname="com.project.ds_helper.test.service.TestServiceTest" time="0.007"/>
  <system-out><![CDATA[20:39:18.982 [Test worker] INFO com.project.ds_helper.test.service.TestService -- useId : admin-id, role : ADMIN, type : PERSONAL
20:39:18.985 [Test worker] INFO com.project.ds_helper.test.service.TestService -- accessToken : access-token, refreshToken : refresh-token
]]></system-out>
  <system-err><![CDATA[]]></system-err>
</testsuite>
